{"/home/runner/work/ui/ui/src/components/accordion/accordion.tsx": {"path":"/home/runner/work/ui/ui/src/components/accordion/accordion.tsx","statementMap":{"0":{"start":{"line":55,"column":0},"end":{"line":55,"column":16}},"1":{"start":{"line":65,"column":0},"end":{"line":65,"column":16}},"2":{"start":{"line":71,"column":0},"end":{"line":71,"column":16}},"3":{"start":{"line":93,"column":0},"end":{"line":93,"column":16}},"4":{"start":{"line":1,"column":0},"end":{"line":1,"column":31}},"5":{"start":{"line":3,"column":0},"end":{"line":3,"column":60}},"6":{"start":{"line":4,"column":0},"end":{"line":4,"column":56}},"7":{"start":{"line":5,"column":0},"end":{"line":5,"column":66}},"8":{"start":{"line":7,"column":0},"end":{"line":7,"column":30}},"9":{"start":{"line":9,"column":33},"end":{"line":21,"column":null}},"10":{"start":{"line":24,"column":33},"end":{"line":36,"column":null}},"11":{"start":{"line":56,"column":4},"end":{"line":62,"column":6}},"12":{"start":{"line":66,"column":4},"end":{"line":68,"column":6}},"13":{"start":{"line":77,"column":4},"end":{"line":90,"column":6}},"14":{"start":{"line":99,"column":4},"end":{"line":106,"column":6}}},"fnMap":{"0":{"name":"Accordion","decl":{"start":{"line":55,"column":16},"end":{"line":55,"column":25}},"loc":{"start":{"line":55,"column":65},"end":{"line":63,"column":1}}},"1":{"name":"AccordionItem","decl":{"start":{"line":65,"column":16},"end":{"line":65,"column":29}},"loc":{"start":{"line":65,"column":73},"end":{"line":69,"column":1}}},"2":{"name":"AccordionTrigger","decl":{"start":{"line":71,"column":16},"end":{"line":71,"column":32}},"loc":{"start":{"line":76,"column":24},"end":{"line":91,"column":1}}},"3":{"name":"AccordionContent","decl":{"start":{"line":93,"column":16},"end":{"line":93,"column":32}},"loc":{"start":{"line":98,"column":24},"end":{"line":107,"column":1}}}},"branchMap":{},"s":{"0":1,"1":1,"2":1,"3":1,"4":1,"5":1,"6":1,"7":1,"8":1,"9":1,"10":1,"11":10,"12":18,"13":18,"14":18},"f":{"0":10,"1":18,"2":18,"3":18},"b":{}}
,"/home/runner/work/ui/ui/src/components/badge/badge.tsx": {"path":"/home/runner/work/ui/ui/src/components/badge/badge.tsx","statementMap":{"0":{"start":{"line":1,"column":0},"end":{"line":1,"column":31}},"1":{"start":{"line":2,"column":0},"end":{"line":2,"column":35}},"2":{"start":{"line":5,"column":0},"end":{"line":5,"column":52}},"3":{"start":{"line":7,"column":0},"end":{"line":7,"column":30}},"4":{"start":{"line":9,"column":20},"end":{"line":15,"column":11}},"5":{"start":{"line":17,"column":27},"end":{"line":30,"column":11}},"6":{"start":{"line":62,"column":13},"end":{"line":93,"column":2}},"7":{"start":{"line":72,"column":12},"end":{"line":72,"column":17}},"8":{"start":{"line":74,"column":8},"end":{"line":91,"column":10}},"9":{"start":{"line":94,"column":0},"end":{"line":94,"column":28}}},"fnMap":{"0":{"name":"(anonymous_9)","decl":{"start":{"line":63,"column":4},"end":{"line":63,"column":5}},"loc":{"start":{"line":63,"column":68},"end":{"line":92,"column":5}}}},"branchMap":{"0":{"loc":{"start":{"line":69,"column":12},"end":{"line":69,"column":20}},"type":"default-arg","locations":[{"start":{"line":69,"column":18},"end":{"line":69,"column":20}}]},"1":{"loc":{"start":{"line":70,"column":12},"end":{"line":70,"column":28}},"type":"default-arg","locations":[{"start":{"line":70,"column":23},"end":{"line":70,"column":28}}]}},"s":{"0":1,"1":1,"2":1,"3":1,"4":1,"5":1,"6":1,"7":11,"8":11,"9":1},"f":{"0":11},"b":{"0":[10],"1":[9]}}
,"/home/runner/work/ui/ui/src/components/breadcrumbs/breadcrumbs.tsx": {"path":"/home/runner/work/ui/ui/src/components/breadcrumbs/breadcrumbs.tsx","statementMap":{"0":{"start":{"line":1,"column":0},"end":{"line":1,"column":35}},"1":{"start":{"line":3,"column":0},"end":{"line":3,"column":null}},"2":{"start":{"line":8,"column":0},"end":{"line":8,"column":30}},"3":{"start":{"line":10,"column":26},"end":{"line":15,"column":2}},"4":{"start":{"line":17,"column":25},"end":{"line":23,"column":2}},"5":{"start":{"line":28,"column":13},"end":{"line":34,"column":2}},"6":{"start":{"line":30,"column":8},"end":{"line":32,"column":10}},"7":{"start":{"line":35,"column":0},"end":{"line":35,"column":40}},"8":{"start":{"line":37,"column":13},"end":{"line":45,"column":2}},"9":{"start":{"line":39,"column":8},"end":{"line":43,"column":10}},"10":{"start":{"line":46,"column":0},"end":{"line":46,"column":38}}},"fnMap":{"0":{"name":"(anonymous_0)","decl":{"start":{"line":29,"column":4},"end":{"line":29,"column":5}},"loc":{"start":{"line":29,"column":37},"end":{"line":33,"column":5}}},"1":{"name":"(anonymous_1)","decl":{"start":{"line":38,"column":4},"end":{"line":38,"column":5}},"loc":{"start":{"line":38,"column":47},"end":{"line":44,"column":5}}}},"branchMap":{},"s":{"0":1,"1":1,"2":1,"3":1,"4":1,"5":1,"6":6,"7":1,"8":1,"9":16,"10":1},"f":{"0":6,"1":16},"b":{}}
,"/home/runner/work/ui/ui/src/components/button/button.tsx": {"path":"/home/runner/work/ui/ui/src/components/button/button.tsx","statementMap":{"0":{"start":{"line":34,"column":0},"end":{"line":34,"column":16}},"1":{"start":{"line":1,"column":0},"end":{"line":1,"column":31}},"2":{"start":{"line":3,"column":0},"end":{"line":3,"column":66}},"3":{"start":{"line":5,"column":0},"end":{"line":5,"column":61}},"4":{"start":{"line":7,"column":0},"end":{"line":7,"column":30}},"5":{"start":{"line":9,"column":23},"end":{"line":27,"column":null}},"6":{"start":{"line":35,"column":4},"end":{"line":51,"column":6}},"7":{"start":{"line":38,"column":16},"end":{"line":46,"column":null}}},"fnMap":{"0":{"name":"Button","decl":{"start":{"line":34,"column":16},"end":{"line":34,"column":22}},"loc":{"start":{"line":34,"column":68},"end":{"line":52,"column":1}}},"1":{"name":"(anonymous_10)","decl":{"start":{"line":37,"column":23},"end":{"line":37,"column":24}},"loc":{"start":{"line":38,"column":16},"end":{"line":46,"column":null}}}},"branchMap":{"0":{"loc":{"start":{"line":41,"column":20},"end":{"line":41,"column":49}},"type":"binary-expr","locations":[{"start":{"line":41,"column":20},"end":{"line":41,"column":29}},{"start":{"line":41,"column":33},"end":{"line":41,"column":49}}]},"1":{"loc":{"start":{"line":42,"column":20},"end":{"line":42,"column":74}},"type":"binary-expr","locations":[{"start":{"line":42,"column":20},"end":{"line":42,"column":29}},{"start":{"line":42,"column":33},"end":{"line":42,"column":54}},{"start":{"line":42,"column":58},"end":{"line":42,"column":74}}]},"2":{"loc":{"start":{"line":43,"column":20},"end":{"line":43,"column":77}},"type":"binary-expr","locations":[{"start":{"line":43,"column":20},"end":{"line":43,"column":34}},{"start":{"line":43,"column":38},"end":{"line":43,"column":77}}]},"3":{"loc":{"start":{"line":44,"column":20},"end":{"line":44,"column":66}},"type":"binary-expr","locations":[{"start":{"line":44,"column":20},"end":{"line":44,"column":30}},{"start":{"line":44,"column":34},"end":{"line":44,"column":66}}]}},"s":{"0":3,"1":3,"2":3,"3":3,"4":3,"5":3,"6":117,"7":146},"f":{"0":117,"1":146},"b":{"0":[146,7],"1":[146,17,3],"2":[146,8],"3":[146,13]}}
,"/home/runner/work/ui/ui/src/components/card/card.tsx": {"path":"/home/runner/work/ui/ui/src/components/card/card.tsx","statementMap":{"0":{"start":{"line":65,"column":0},"end":{"line":65,"column":16}},"1":{"start":{"line":221,"column":0},"end":{"line":221,"column":16}},"2":{"start":{"line":251,"column":0},"end":{"line":251,"column":16}},"3":{"start":{"line":277,"column":0},"end":{"line":277,"column":16}},"4":{"start":{"line":309,"column":0},"end":{"line":309,"column":16}},"5":{"start":{"line":344,"column":0},"end":{"line":344,"column":16}},"6":{"start":{"line":365,"column":0},"end":{"line":365,"column":16}},"7":{"start":{"line":1,"column":0},"end":{"line":1,"column":31}},"8":{"start":{"line":3,"column":0},"end":{"line":3,"column":66}},"9":{"start":{"line":5,"column":0},"end":{"line":5,"column":30}},"10":{"start":{"line":7,"column":21},"end":{"line":45,"column":null}},"11":{"start":{"line":85,"column":38},"end":{"line":85,"column":59}},"12":{"start":{"line":86,"column":48},"end":{"line":86,"column":69}},"13":{"start":{"line":87,"column":17},"end":{"line":87,"column":53}},"14":{"start":{"line":88,"column":17},"end":{"line":88,"column":51}},"15":{"start":{"line":89,"column":21},"end":{"line":89,"column":63}},"16":{"start":{"line":91,"column":24},"end":{"line":96,"column":5}},"17":{"start":{"line":92,"column":8},"end":{"line":94,"column":9}},"18":{"start":{"line":93,"column":12},"end":{"line":93,"column":19}},"19":{"start":{"line":95,"column":8},"end":{"line":95,"column":21}},"20":{"start":{"line":98,"column":26},"end":{"line":108,"column":5}},"21":{"start":{"line":99,"column":8},"end":{"line":101,"column":9}},"22":{"start":{"line":100,"column":12},"end":{"line":100,"column":19}},"23":{"start":{"line":102,"column":8},"end":{"line":107,"column":9}},"24":{"start":{"line":103,"column":12},"end":{"line":103,"column":31}},"25":{"start":{"line":104,"column":12},"end":{"line":104,"column":31}},"26":{"start":{"line":105,"column":12},"end":{"line":105,"column":30}},"27":{"start":{"line":106,"column":12},"end":{"line":106,"column":34}},"28":{"start":{"line":110,"column":24},"end":{"line":122,"column":5}},"29":{"start":{"line":111,"column":8},"end":{"line":113,"column":9}},"30":{"start":{"line":112,"column":12},"end":{"line":112,"column":19}},"31":{"start":{"line":114,"column":8},"end":{"line":121,"column":9}},"32":{"start":{"line":115,"column":12},"end":{"line":115,"column":31}},"33":{"start":{"line":116,"column":12},"end":{"line":116,"column":32}},"34":{"start":{"line":117,"column":12},"end":{"line":117,"column":27}},"35":{"start":{"line":118,"column":12},"end":{"line":118,"column":28}},"36":{"start":{"line":119,"column":12},"end":{"line":119,"column":35}},"37":{"start":{"line":120,"column":12},"end":{"line":120,"column":27}},"38":{"start":{"line":124,"column":28},"end":{"line":131,"column":5}},"39":{"start":{"line":125,"column":8},"end":{"line":127,"column":9}},"40":{"start":{"line":126,"column":12},"end":{"line":126,"column":19}},"41":{"start":{"line":128,"column":8},"end":{"line":128,"column":27}},"42":{"start":{"line":129,"column":8},"end":{"line":129,"column":26}},"43":{"start":{"line":130,"column":8},"end":{"line":130,"column":30}},"44":{"start":{"line":133,"column":26},"end":{"line":141,"column":5}},"45":{"start":{"line":134,"column":8},"end":{"line":136,"column":9}},"46":{"start":{"line":135,"column":12},"end":{"line":135,"column":19}},"47":{"start":{"line":137,"column":8},"end":{"line":137,"column":28}},"48":{"start":{"line":138,"column":8},"end":{"line":138,"column":24}},"49":{"start":{"line":139,"column":8},"end":{"line":139,"column":31}},"50":{"start":{"line":140,"column":8},"end":{"line":140,"column":23}},"51":{"start":{"line":143,"column":29},"end":{"line":149,"column":5}},"52":{"start":{"line":144,"column":8},"end":{"line":146,"column":9}},"53":{"start":{"line":145,"column":12},"end":{"line":145,"column":19}},"54":{"start":{"line":147,"column":8},"end":{"line":147,"column":28}},"55":{"start":{"line":148,"column":8},"end":{"line":148,"column":31}},"56":{"start":{"line":151,"column":4},"end":{"line":162,"column":11}},"57":{"start":{"line":152,"column":35},"end":{"line":156,"column":9}},"58":{"start":{"line":153,"column":12},"end":{"line":155,"column":13}},"59":{"start":{"line":154,"column":16},"end":{"line":154,"column":40}},"60":{"start":{"line":158,"column":8},"end":{"line":158,"column":65}},"61":{"start":{"line":159,"column":8},"end":{"line":161,"column":10}},"62":{"start":{"line":160,"column":12},"end":{"line":160,"column":72}},"63":{"start":{"line":164,"column":4},"end":{"line":194,"column":6}},"64":{"start":{"line":197,"column":27},"end":{"line":213,"column":2}},"65":{"start":{"line":227,"column":4},"end":{"line":229,"column":6}},"66":{"start":{"line":232,"column":26},"end":{"line":243,"column":2}},"67":{"start":{"line":257,"column":4},"end":{"line":257,"column":89}},"68":{"start":{"line":260,"column":32},"end":{"line":271,"column":2}},"69":{"start":{"line":282,"column":4},"end":{"line":282,"column":92}},"70":{"start":{"line":285,"column":28},"end":{"line":301,"column":2}},"71":{"start":{"line":315,"column":4},"end":{"line":317,"column":6}},"72":{"start":{"line":320,"column":27},"end":{"line":336,"column":2}},"73":{"start":{"line":350,"column":4},"end":{"line":352,"column":6}},"74":{"start":{"line":376,"column":25},"end":{"line":386,"column":null}},"75":{"start":{"line":389,"column":21},"end":{"line":395,"column":6}},"76":{"start":{"line":397,"column":4},"end":{"line":412,"column":5}},"77":{"start":{"line":398,"column":8},"end":{"line":411,"column":10}},"78":{"start":{"line":414,"column":4},"end":{"line":414,"column":33}}},"fnMap":{"0":{"name":"Card","decl":{"start":{"line":65,"column":16},"end":{"line":65,"column":20}},"loc":{"start":{"line":84,"column":12},"end":{"line":195,"column":1}}},"1":{"name":"(anonymous_10)","decl":{"start":{"line":91,"column":24},"end":{"line":91,"column":25}},"loc":{"start":{"line":91,"column":70},"end":{"line":96,"column":5}}},"2":{"name":"(anonymous_11)","decl":{"start":{"line":98,"column":26},"end":{"line":98,"column":27}},"loc":{"start":{"line":98,"column":53},"end":{"line":108,"column":5}}},"3":{"name":"(anonymous_12)","decl":{"start":{"line":110,"column":24},"end":{"line":110,"column":25}},"loc":{"start":{"line":110,"column":51},"end":{"line":122,"column":5}}},"4":{"name":"(anonymous_13)","decl":{"start":{"line":124,"column":28},"end":{"line":124,"column":29}},"loc":{"start":{"line":124,"column":52},"end":{"line":131,"column":5}}},"5":{"name":"(anonymous_14)","decl":{"start":{"line":133,"column":26},"end":{"line":133,"column":27}},"loc":{"start":{"line":133,"column":50},"end":{"line":141,"column":5}}},"6":{"name":"(anonymous_15)","decl":{"start":{"line":143,"column":29},"end":{"line":143,"column":32}},"loc":{"start":{"line":143,"column":34},"end":{"line":149,"column":5}}},"7":{"name":"(anonymous_16)","decl":{"start":{"line":151,"column":20},"end":{"line":151,"column":23}},"loc":{"start":{"line":151,"column":25},"end":{"line":162,"column":5}}},"8":{"name":"(anonymous_17)","decl":{"start":{"line":152,"column":35},"end":{"line":152,"column":36}},"loc":{"start":{"line":152,"column":56},"end":{"line":156,"column":9}}},"9":{"name":"(anonymous_18)","decl":{"start":{"line":159,"column":15},"end":{"line":159,"column":18}},"loc":{"start":{"line":159,"column":20},"end":{"line":161,"column":9}}},"10":{"name":"CardHeader","decl":{"start":{"line":221,"column":16},"end":{"line":221,"column":26}},"loc":{"start":{"line":226,"column":18},"end":{"line":230,"column":1}}},"11":{"name":"CardTitle","decl":{"start":{"line":251,"column":16},"end":{"line":251,"column":25}},"loc":{"start":{"line":256,"column":17},"end":{"line":258,"column":1}}},"12":{"name":"CardDescription","decl":{"start":{"line":277,"column":16},"end":{"line":277,"column":31}},"loc":{"start":{"line":281,"column":23},"end":{"line":283,"column":1}}},"13":{"name":"CardContent","decl":{"start":{"line":309,"column":16},"end":{"line":309,"column":27}},"loc":{"start":{"line":314,"column":19},"end":{"line":318,"column":1}}},"14":{"name":"CardFooter","decl":{"start":{"line":344,"column":16},"end":{"line":344,"column":26}},"loc":{"start":{"line":349,"column":18},"end":{"line":353,"column":1}}},"15":{"name":"CardImage","decl":{"start":{"line":365,"column":16},"end":{"line":365,"column":25}},"loc":{"start":{"line":375,"column":17},"end":{"line":415,"column":1}}}},"branchMap":{"0":{"loc":{"start":{"line":71,"column":4},"end":{"line":71,"column":19}},"type":"default-arg","locations":[{"start":{"line":71,"column":14},"end":{"line":71,"column":19}}]},"1":{"loc":{"start":{"line":72,"column":4},"end":{"line":72,"column":23}},"type":"default-arg","locations":[{"start":{"line":72,"column":18},"end":{"line":72,"column":23}}]},"2":{"loc":{"start":{"line":73,"column":4},"end":{"line":73,"column":23}},"type":"default-arg","locations":[{"start":{"line":73,"column":18},"end":{"line":73,"column":23}}]},"3":{"loc":{"start":{"line":74,"column":4},"end":{"line":74,"column":22}},"type":"default-arg","locations":[{"start":{"line":74,"column":17},"end":{"line":74,"column":22}}]},"4":{"loc":{"start":{"line":75,"column":4},"end":{"line":75,"column":28}},"type":"default-arg","locations":[{"start":{"line":75,"column":23},"end":{"line":75,"column":28}}]},"5":{"loc":{"start":{"line":76,"column":4},"end":{"line":76,"column":37}},"type":"default-arg","locations":[{"start":{"line":76,"column":32},"end":{"line":76,"column":37}}]},"6":{"loc":{"start":{"line":77,"column":4},"end":{"line":77,"column":21}},"type":"default-arg","locations":[{"start":{"line":77,"column":16},"end":{"line":77,"column":21}}]},"7":{"loc":{"start":{"line":87,"column":17},"end":{"line":87,"column":53}},"type":"cond-expr","locations":[{"start":{"line":87,"column":27},"end":{"line":87,"column":41}},{"start":{"line":87,"column":44},"end":{"line":87,"column":53}}]},"8":{"loc":{"start":{"line":88,"column":17},"end":{"line":88,"column":51}},"type":"cond-expr","locations":[{"start":{"line":88,"column":31},"end":{"line":88,"column":39}},{"start":{"line":88,"column":42},"end":{"line":88,"column":51}}]},"9":{"loc":{"start":{"line":89,"column":21},"end":{"line":89,"column":63}},"type":"cond-expr","locations":[{"start":{"line":89,"column":50},"end":{"line":89,"column":51}},{"start":{"line":89,"column":54},"end":{"line":89,"column":63}}]},"10":{"loc":{"start":{"line":89,"column":21},"end":{"line":89,"column":47}},"type":"binary-expr","locations":[{"start":{"line":89,"column":21},"end":{"line":89,"column":32}},{"start":{"line":89,"column":36},"end":{"line":89,"column":47}}]},"11":{"loc":{"start":{"line":92,"column":8},"end":{"line":94,"column":9}},"type":"if","locations":[{"start":{"line":92,"column":8},"end":{"line":94,"column":9}}]},"12":{"loc":{"start":{"line":99,"column":8},"end":{"line":101,"column":9}},"type":"if","locations":[{"start":{"line":99,"column":8},"end":{"line":101,"column":9}}]},"13":{"loc":{"start":{"line":102,"column":8},"end":{"line":107,"column":9}},"type":"if","locations":[{"start":{"line":102,"column":8},"end":{"line":107,"column":9}}]},"14":{"loc":{"start":{"line":102,"column":12},"end":{"line":102,"column":46}},"type":"binary-expr","locations":[{"start":{"line":102,"column":12},"end":{"line":102,"column":29}},{"start":{"line":102,"column":33},"end":{"line":102,"column":46}}]},"15":{"loc":{"start":{"line":111,"column":8},"end":{"line":113,"column":9}},"type":"if","locations":[{"start":{"line":111,"column":8},"end":{"line":113,"column":9}}]},"16":{"loc":{"start":{"line":114,"column":8},"end":{"line":121,"column":9}},"type":"if","locations":[{"start":{"line":114,"column":8},"end":{"line":121,"column":9}}]},"17":{"loc":{"start":{"line":114,"column":12},"end":{"line":114,"column":46}},"type":"binary-expr","locations":[{"start":{"line":114,"column":12},"end":{"line":114,"column":29}},{"start":{"line":114,"column":33},"end":{"line":114,"column":46}}]},"18":{"loc":{"start":{"line":125,"column":8},"end":{"line":127,"column":9}},"type":"if","locations":[{"start":{"line":125,"column":8},"end":{"line":127,"column":9}}]},"19":{"loc":{"start":{"line":134,"column":8},"end":{"line":136,"column":9}},"type":"if","locations":[{"start":{"line":134,"column":8},"end":{"line":136,"column":9}}]},"20":{"loc":{"start":{"line":144,"column":8},"end":{"line":146,"column":9}},"type":"if","locations":[{"start":{"line":144,"column":8},"end":{"line":146,"column":9}}]},"21":{"loc":{"start":{"line":153,"column":12},"end":{"line":155,"column":13}},"type":"if","locations":[{"start":{"line":153,"column":12},"end":{"line":155,"column":13}}]},"22":{"loc":{"start":{"line":169,"column":24},"end":{"line":169,"column":48}},"type":"binary-expr","locations":[{"start":{"line":169,"column":24},"end":{"line":169,"column":35}},{"start":{"line":169,"column":39},"end":{"line":169,"column":48}}]},"23":{"loc":{"start":{"line":170,"column":24},"end":{"line":170,"column":51}},"type":"binary-expr","locations":[{"start":{"line":170,"column":24},"end":{"line":170,"column":38}},{"start":{"line":170,"column":42},"end":{"line":170,"column":51}}]},"24":{"loc":{"start":{"line":171,"column":32},"end":{"line":171,"column":59}},"type":"binary-expr","locations":[{"start":{"line":171,"column":32},"end":{"line":171,"column":46}},{"start":{"line":171,"column":50},"end":{"line":171,"column":59}}]},"25":{"loc":{"start":{"line":172,"column":27},"end":{"line":172,"column":50}},"type":"binary-expr","locations":[{"start":{"line":172,"column":27},"end":{"line":172,"column":37}},{"start":{"line":172,"column":41},"end":{"line":172,"column":50}}]},"26":{"loc":{"start":{"line":173,"column":26},"end":{"line":173,"column":48}},"type":"binary-expr","locations":[{"start":{"line":173,"column":26},"end":{"line":173,"column":35}},{"start":{"line":173,"column":39},"end":{"line":173,"column":48}}]},"27":{"loc":{"start":{"line":176,"column":16},"end":{"line":176,"column":47}},"type":"binary-expr","locations":[{"start":{"line":176,"column":16},"end":{"line":176,"column":27}},{"start":{"line":176,"column":31},"end":{"line":176,"column":47}}]},"28":{"loc":{"start":{"line":177,"column":16},"end":{"line":177,"column":51}},"type":"binary-expr","locations":[{"start":{"line":177,"column":16},"end":{"line":177,"column":27}},{"start":{"line":177,"column":31},"end":{"line":177,"column":51}}]},"29":{"loc":{"start":{"line":178,"column":16},"end":{"line":178,"column":62}},"type":"binary-expr","locations":[{"start":{"line":178,"column":16},"end":{"line":178,"column":26}},{"start":{"line":178,"column":30},"end":{"line":178,"column":62}}]},"30":{"loc":{"start":{"line":179,"column":16},"end":{"line":179,"column":70}},"type":"binary-expr","locations":[{"start":{"line":179,"column":16},"end":{"line":179,"column":33}},{"start":{"line":179,"column":37},"end":{"line":179,"column":70}}]},"31":{"loc":{"start":{"line":180,"column":16},"end":{"line":180,"column":74}},"type":"binary-expr","locations":[{"start":{"line":180,"column":16},"end":{"line":180,"column":42}},{"start":{"line":180,"column":46},"end":{"line":180,"column":57}},{"start":{"line":180,"column":61},"end":{"line":180,"column":74}}]},"32":{"loc":{"start":{"line":181,"column":16},"end":{"line":181,"column":37}},"type":"binary-expr","locations":[{"start":{"line":181,"column":16},"end":{"line":181,"column":25}},{"start":{"line":181,"column":29},"end":{"line":181,"column":37}}]},"33":{"loc":{"start":{"line":184,"column":23},"end":{"line":184,"column":62}},"type":"cond-expr","locations":[{"start":{"line":184,"column":37},"end":{"line":184,"column":50}},{"start":{"line":184,"column":53},"end":{"line":184,"column":62}}]},"34":{"loc":{"start":{"line":185,"column":21},"end":{"line":185,"column":58}},"type":"cond-expr","locations":[{"start":{"line":185,"column":35},"end":{"line":185,"column":46}},{"start":{"line":185,"column":49},"end":{"line":185,"column":58}}]},"35":{"loc":{"start":{"line":186,"column":25},"end":{"line":186,"column":66}},"type":"cond-expr","locations":[{"start":{"line":186,"column":39},"end":{"line":186,"column":54}},{"start":{"line":186,"column":57},"end":{"line":186,"column":66}}]},"36":{"loc":{"start":{"line":187,"column":23},"end":{"line":187,"column":62}},"type":"cond-expr","locations":[{"start":{"line":187,"column":37},"end":{"line":187,"column":50}},{"start":{"line":187,"column":53},"end":{"line":187,"column":62}}]},"37":{"loc":{"start":{"line":188,"column":26},"end":{"line":188,"column":68}},"type":"cond-expr","locations":[{"start":{"line":188,"column":40},"end":{"line":188,"column":56}},{"start":{"line":188,"column":59},"end":{"line":188,"column":68}}]},"38":{"loc":{"start":{"line":189,"column":21},"end":{"line":189,"column":58}},"type":"cond-expr","locations":[{"start":{"line":189,"column":35},"end":{"line":189,"column":46}},{"start":{"line":189,"column":49},"end":{"line":189,"column":58}}]},"39":{"loc":{"start":{"line":254,"column":8},"end":{"line":254,"column":19}},"type":"default-arg","locations":[{"start":{"line":254,"column":15},"end":{"line":254,"column":19}}]},"40":{"loc":{"start":{"line":367,"column":4},"end":{"line":367,"column":14}},"type":"default-arg","locations":[{"start":{"line":367,"column":9},"end":{"line":367,"column":14}}]},"41":{"loc":{"start":{"line":370,"column":4},"end":{"line":370,"column":20}},"type":"default-arg","locations":[{"start":{"line":370,"column":15},"end":{"line":370,"column":20}}]},"42":{"loc":{"start":{"line":371,"column":4},"end":{"line":371,"column":17}},"type":"default-arg","locations":[{"start":{"line":371,"column":13},"end":{"line":371,"column":17}}]},"43":{"loc":{"start":{"line":372,"column":4},"end":{"line":372,"column":19}},"type":"default-arg","locations":[{"start":{"line":372,"column":14},"end":{"line":372,"column":19}}]},"44":{"loc":{"start":{"line":373,"column":4},"end":{"line":373,"column":24}},"type":"default-arg","locations":[{"start":{"line":373,"column":19},"end":{"line":373,"column":24}}]},"45":{"loc":{"start":{"line":379,"column":28},"end":{"line":379,"column":56}},"type":"binary-expr","locations":[{"start":{"line":379,"column":28},"end":{"line":379,"column":45}},{"start":{"line":379,"column":49},"end":{"line":379,"column":56}}]},"46":{"loc":{"start":{"line":380,"column":26},"end":{"line":380,"column":53}},"type":"binary-expr","locations":[{"start":{"line":380,"column":26},"end":{"line":380,"column":41}},{"start":{"line":380,"column":45},"end":{"line":380,"column":53}}]},"47":{"loc":{"start":{"line":381,"column":26},"end":{"line":381,"column":53}},"type":"binary-expr","locations":[{"start":{"line":381,"column":26},"end":{"line":381,"column":41}},{"start":{"line":381,"column":45},"end":{"line":381,"column":53}}]},"48":{"loc":{"start":{"line":382,"column":26},"end":{"line":382,"column":53}},"type":"binary-expr","locations":[{"start":{"line":382,"column":26},"end":{"line":382,"column":41}},{"start":{"line":382,"column":45},"end":{"line":382,"column":53}}]},"49":{"loc":{"start":{"line":391,"column":13},"end":{"line":391,"column":36}},"type":"cond-expr","locations":[{"start":{"line":391,"column":28},"end":{"line":391,"column":30}},{"start":{"line":391,"column":33},"end":{"line":391,"column":36}}]},"50":{"loc":{"start":{"line":392,"column":23},"end":{"line":392,"column":48}},"type":"binary-expr","locations":[{"start":{"line":392,"column":23},"end":{"line":392,"column":35}},{"start":{"line":392,"column":39},"end":{"line":392,"column":48}}]},"51":{"loc":{"start":{"line":397,"column":4},"end":{"line":412,"column":5}},"type":"if","locations":[{"start":{"line":397,"column":4},"end":{"line":412,"column":5}}]},"52":{"loc":{"start":{"line":401,"column":36},"end":{"line":401,"column":64}},"type":"binary-expr","locations":[{"start":{"line":401,"column":36},"end":{"line":401,"column":53}},{"start":{"line":401,"column":57},"end":{"line":401,"column":64}}]},"53":{"loc":{"start":{"line":402,"column":34},"end":{"line":402,"column":61}},"type":"binary-expr","locations":[{"start":{"line":402,"column":34},"end":{"line":402,"column":49}},{"start":{"line":402,"column":53},"end":{"line":402,"column":61}}]},"54":{"loc":{"start":{"line":403,"column":34},"end":{"line":403,"column":61}},"type":"binary-expr","locations":[{"start":{"line":403,"column":34},"end":{"line":403,"column":49}},{"start":{"line":403,"column":53},"end":{"line":403,"column":61}}]},"55":{"loc":{"start":{"line":404,"column":34},"end":{"line":404,"column":61}},"type":"binary-expr","locations":[{"start":{"line":404,"column":34},"end":{"line":404,"column":49}},{"start":{"line":404,"column":53},"end":{"line":404,"column":61}}]},"56":{"loc":{"start":{"line":407,"column":28},"end":{"line":407,"column":58}},"type":"cond-expr","locations":[{"start":{"line":407,"column":43},"end":{"line":407,"column":52}},{"start":{"line":407,"column":55},"end":{"line":407,"column":58}}]}},"s":{"0":1,"1":1,"2":1,"3":1,"4":1,"5":1,"6":1,"7":1,"8":1,"9":1,"10":1,"11":54,"12":54,"13":54,"14":54,"15":54,"16":54,"17":5,"18":0,"19":5,"20":54,"21":5,"22":0,"23":5,"24":3,"25":3,"26":3,"27":3,"28":54,"29":7,"30":0,"31":7,"32":3,"33":3,"34":3,"35":3,"36":3,"37":3,"38":54,"39":3,"40":0,"41":3,"42":3,"43":3,"44":54,"45":2,"46":0,"47":2,"48":2,"49":2,"50":2,"51":54,"52":1,"53":0,"54":1,"55":1,"56":54,"57":28,"58":13,"59":7,"60":28,"61":28,"62":28,"63":54,"64":1,"65":6,"66":1,"67":8,"68":1,"69":5,"70":1,"71":18,"72":1,"73":5,"74":7,"75":7,"76":7,"77":1,"78":6},"f":{"0":54,"1":5,"2":5,"3":7,"4":3,"5":2,"6":1,"7":28,"8":13,"9":28,"10":6,"11":8,"12":5,"13":18,"14":5,"15":7},"b":{"0":[54],"1":[24],"2":[53],"3":[52],"4":[53],"5":[53],"6":[53],"7":[0,54],"8":[30,24],"9":[28,26],"10":[54,30],"11":[0],"12":[0],"13":[3],"14":[5,4],"15":[0],"16":[3],"17":[7,6],"18":[0],"19":[0],"20":[0],"21":[7],"22":[54,53],"23":[54,41],"24":[54,41],"25":[54,52],"26":[54,48],"27":[54,30],"28":[54,1],"29":[54,2],"30":[54,53],"31":[54,53,29],"32":[54,1],"33":[30,24],"34":[30,24],"35":[30,24],"36":[30,24],"37":[30,24],"38":[30,24],"39":[6],"40":[6],"41":[6],"42":[5],"43":[6],"44":[6],"45":[7,6],"46":[7,1],"47":[7,0],"48":[7,5],"49":[1,6],"50":[7,6],"51":[1],"52":[1,1],"53":[1,0],"54":[1,0],"55":[1,1],"56":[0,1]}}
,"/home/runner/work/ui/ui/src/components/comments/comments.tsx": {"path":"/home/runner/work/ui/ui/src/components/comments/comments.tsx","statementMap":{"0":{"start":{"line":74,"column":0},"end":{"line":74,"column":16}},"1":{"start":{"line":117,"column":0},"end":{"line":117,"column":16}},"2":{"start":{"line":136,"column":0},"end":{"line":136,"column":16}},"3":{"start":{"line":150,"column":0},"end":{"line":150,"column":16}},"4":{"start":{"line":166,"column":0},"end":{"line":166,"column":16}},"5":{"start":{"line":179,"column":0},"end":{"line":179,"column":16}},"6":{"start":{"line":1,"column":0},"end":{"line":1,"column":31}},"7":{"start":{"line":3,"column":0},"end":{"line":3,"column":66}},"8":{"start":{"line":5,"column":0},"end":{"line":5,"column":30}},"9":{"start":{"line":7,"column":24},"end":{"line":24,"column":null}},"10":{"start":{"line":27,"column":29},"end":{"line":38,"column":2}},"11":{"start":{"line":40,"column":31},"end":{"line":50,"column":2}},"12":{"start":{"line":85,"column":4},"end":{"line":91,"column":5}},"13":{"start":{"line":86,"column":8},"end":{"line":90,"column":10}},"14":{"start":{"line":93,"column":4},"end":{"line":113,"column":6}},"15":{"start":{"line":124,"column":4},"end":{"line":126,"column":5}},"16":{"start":{"line":125,"column":8},"end":{"line":125,"column":20}},"17":{"start":{"line":128,"column":4},"end":{"line":132,"column":6}},"18":{"start":{"line":142,"column":4},"end":{"line":146,"column":6}},"19":{"start":{"line":155,"column":4},"end":{"line":162,"column":6}},"20":{"start":{"line":171,"column":4},"end":{"line":175,"column":6}},"21":{"start":{"line":184,"column":4},"end":{"line":188,"column":6}}},"fnMap":{"0":{"name":"Comment","decl":{"start":{"line":74,"column":16},"end":{"line":74,"column":23}},"loc":{"start":{"line":84,"column":15},"end":{"line":114,"column":1}}},"1":{"name":"CommentGroup","decl":{"start":{"line":117,"column":16},"end":{"line":117,"column":28}},"loc":{"start":{"line":123,"column":20},"end":{"line":133,"column":1}}},"2":{"name":"CommentContent","decl":{"start":{"line":136,"column":16},"end":{"line":136,"column":30}},"loc":{"start":{"line":141,"column":22},"end":{"line":147,"column":1}}},"3":{"name":"CommentAction","decl":{"start":{"line":150,"column":16},"end":{"line":150,"column":29}},"loc":{"start":{"line":154,"column":42},"end":{"line":163,"column":1}}},"4":{"name":"CommentActions","decl":{"start":{"line":166,"column":16},"end":{"line":166,"column":30}},"loc":{"start":{"line":170,"column":39},"end":{"line":176,"column":1}}},"5":{"name":"CommentMetadata","decl":{"start":{"line":179,"column":16},"end":{"line":179,"column":31}},"loc":{"start":{"line":183,"column":40},"end":{"line":189,"column":1}}}},"branchMap":{"0":{"loc":{"start":{"line":85,"column":4},"end":{"line":91,"column":5}},"type":"if","locations":[{"start":{"line":85,"column":4},"end":{"line":91,"column":5}}]},"1":{"loc":{"start":{"line":95,"column":13},"end":{"line":101,"column":20}},"type":"cond-expr","locations":[{"start":{"line":96,"column":16},"end":{"line":99,"column":null}},{"start":{"line":101,"column":16},"end":{"line":101,"column":20}}]},"2":{"loc":{"start":{"line":105,"column":21},"end":{"line":105,"column":99}},"type":"cond-expr","locations":[{"start":{"line":105,"column":32},"end":{"line":105,"column":92}},{"start":{"line":105,"column":95},"end":{"line":105,"column":99}}]},"3":{"loc":{"start":{"line":108,"column":17},"end":{"line":110,"column":24}},"type":"cond-expr","locations":[{"start":{"line":109,"column":20},"end":{"line":109,"column":93}},{"start":{"line":110,"column":20},"end":{"line":110,"column":24}}]},"4":{"loc":{"start":{"line":124,"column":4},"end":{"line":126,"column":5}},"type":"if","locations":[{"start":{"line":124,"column":4},"end":{"line":126,"column":5}}]}},"s":{"0":1,"1":1,"2":1,"3":1,"4":1,"5":1,"6":1,"7":1,"8":1,"9":1,"10":1,"11":1,"12":9,"13":1,"14":8,"15":4,"16":1,"17":3,"18":0,"19":2,"20":1,"21":1},"f":{"0":9,"1":4,"2":0,"3":2,"4":1,"5":1},"b":{"0":[1],"1":[1,7],"2":[1,7],"3":[1,7],"4":[1]}}
,"/home/runner/work/ui/ui/src/components/container/container.tsx": {"path":"/home/runner/work/ui/ui/src/components/container/container.tsx","statementMap":{"0":{"start":{"line":21,"column":0},"end":{"line":21,"column":16}},"1":{"start":{"line":1,"column":0},"end":{"line":1,"column":31}},"2":{"start":{"line":3,"column":0},"end":{"line":3,"column":30}},"3":{"start":{"line":27,"column":17},"end":{"line":27,"column":49}},"4":{"start":{"line":28,"column":23},"end":{"line":34,"column":12}},"5":{"start":{"line":36,"column":4},"end":{"line":36,"column":36}}},"fnMap":{"0":{"name":"Container","decl":{"start":{"line":21,"column":16},"end":{"line":21,"column":25}},"loc":{"start":{"line":26,"column":17},"end":{"line":37,"column":1}}}},"branchMap":{"0":{"loc":{"start":{"line":22,"column":4},"end":{"line":22,"column":19}},"type":"default-arg","locations":[{"start":{"line":22,"column":14},"end":{"line":22,"column":19}}]},"1":{"loc":{"start":{"line":27,"column":17},"end":{"line":27,"column":49}},"type":"cond-expr","locations":[{"start":{"line":27,"column":27},"end":{"line":27,"column":41}},{"start":{"line":27,"column":44},"end":{"line":27,"column":49}}]},"2":{"loc":{"start":{"line":28,"column":23},"end":{"line":34,"column":12}},"type":"cond-expr","locations":[{"start":{"line":29,"column":10},"end":{"line":29,"column":22}},{"start":{"line":30,"column":10},"end":{"line":34,"column":12}}]}},"s":{"0":2,"1":2,"2":2,"3":11,"4":11,"5":11},"f":{"0":11},"b":{"0":[6],"1":[5,6],"2":[5,6]}}
,"/home/runner/work/ui/ui/src/components/link/link.tsx": {"path":"/home/runner/work/ui/ui/src/components/link/link.tsx","statementMap":{"0":{"start":{"line":1,"column":0},"end":{"line":1,"column":42}},"1":{"start":{"line":3,"column":0},"end":{"line":3,"column":66}},"2":{"start":{"line":4,"column":0},"end":{"line":4,"column":57}},"3":{"start":{"line":6,"column":0},"end":{"line":6,"column":30}},"4":{"start":{"line":8,"column":21},"end":{"line":40,"column":null}},"5":{"start":{"line":49,"column":13},"end":{"line":60,"column":2}},"6":{"start":{"line":51,"column":8},"end":{"line":58,"column":10}},"7":{"start":{"line":61,"column":0},"end":{"line":61,"column":26}}},"fnMap":{"0":{"name":"(anonymous_9)","decl":{"start":{"line":50,"column":4},"end":{"line":50,"column":5}},"loc":{"start":{"line":50,"column":95},"end":{"line":59,"column":5}}}},"branchMap":{},"s":{"0":2,"1":2,"2":2,"3":2,"4":2,"5":2,"6":22,"7":2},"f":{"0":22},"b":{}}
,"/home/runner/work/ui/ui/src/components/navigation-menu/navigation-menu.tsx": {"path":"/home/runner/work/ui/ui/src/components/navigation-menu/navigation-menu.tsx","statementMap":{"0":{"start":{"line":1,"column":0},"end":{"line":1,"column":35}},"1":{"start":{"line":3,"column":0},"end":{"line":3,"column":56}},"2":{"start":{"line":4,"column":0},"end":{"line":4,"column":71}},"3":{"start":{"line":5,"column":0},"end":{"line":5,"column":66}},"4":{"start":{"line":7,"column":0},"end":{"line":7,"column":30}},"5":{"start":{"line":9,"column":35},"end":{"line":21,"column":null}},"6":{"start":{"line":38,"column":13},"end":{"line":51,"column":2}},"7":{"start":{"line":40,"column":8},"end":{"line":48,"column":null}},"8":{"start":{"line":52,"column":0},"end":{"line":52,"column":46}},"9":{"start":{"line":54,"column":13},"end":{"line":65,"column":2}},"10":{"start":{"line":56,"column":8},"end":{"line":62,"column":null}},"11":{"start":{"line":66,"column":0},"end":{"line":66,"column":54}},"12":{"start":{"line":68,"column":13},"end":{"line":68,"column":59}},"13":{"start":{"line":70,"column":13},"end":{"line":84,"column":2}},"14":{"start":{"line":72,"column":8},"end":{"line":81,"column":null}},"15":{"start":{"line":85,"column":0},"end":{"line":85,"column":60}},"16":{"start":{"line":87,"column":13},"end":{"line":98,"column":2}},"17":{"start":{"line":89,"column":8},"end":{"line":95,"column":null}},"18":{"start":{"line":99,"column":0},"end":{"line":99,"column":60}},"19":{"start":{"line":101,"column":13},"end":{"line":112,"column":2}},"20":{"start":{"line":103,"column":8},"end":{"line":109,"column":null}},"21":{"start":{"line":113,"column":0},"end":{"line":113,"column":54}},"22":{"start":{"line":115,"column":13},"end":{"line":128,"column":2}},"23":{"start":{"line":117,"column":8},"end":{"line":125,"column":null}},"24":{"start":{"line":129,"column":0},"end":{"line":129,"column":62}},"25":{"start":{"line":131,"column":13},"end":{"line":144,"column":2}},"26":{"start":{"line":133,"column":8},"end":{"line":141,"column":null}},"27":{"start":{"line":145,"column":0},"end":{"line":145,"column":64}},"28":{"start":{"line":147,"column":13},"end":{"line":153,"column":2}},"29":{"start":{"line":149,"column":8},"end":{"line":150,"column":null}},"30":{"start":{"line":154,"column":0},"end":{"line":154,"column":52}}},"fnMap":{"0":{"name":"(anonymous_9)","decl":{"start":{"line":39,"column":4},"end":{"line":39,"column":5}},"loc":{"start":{"line":40,"column":8},"end":{"line":48,"column":null}}},"1":{"name":"(anonymous_10)","decl":{"start":{"line":55,"column":4},"end":{"line":55,"column":5}},"loc":{"start":{"line":56,"column":8},"end":{"line":62,"column":null}}},"2":{"name":"(anonymous_11)","decl":{"start":{"line":71,"column":4},"end":{"line":71,"column":5}},"loc":{"start":{"line":72,"column":8},"end":{"line":81,"column":null}}},"3":{"name":"(anonymous_12)","decl":{"start":{"line":88,"column":4},"end":{"line":88,"column":5}},"loc":{"start":{"line":89,"column":8},"end":{"line":95,"column":null}}},"4":{"name":"(anonymous_13)","decl":{"start":{"line":102,"column":4},"end":{"line":102,"column":5}},"loc":{"start":{"line":103,"column":8},"end":{"line":109,"column":null}}},"5":{"name":"(anonymous_14)","decl":{"start":{"line":116,"column":4},"end":{"line":116,"column":5}},"loc":{"start":{"line":117,"column":8},"end":{"line":125,"column":null}}},"6":{"name":"(anonymous_15)","decl":{"start":{"line":132,"column":4},"end":{"line":132,"column":5}},"loc":{"start":{"line":133,"column":8},"end":{"line":141,"column":null}}},"7":{"name":"(anonymous_16)","decl":{"start":{"line":148,"column":4},"end":{"line":148,"column":5}},"loc":{"start":{"line":149,"column":8},"end":{"line":150,"column":null}}}},"branchMap":{},"s":{"0":1,"1":1,"2":1,"3":1,"4":1,"5":1,"6":1,"7":15,"8":1,"9":1,"10":15,"11":1,"12":1,"13":1,"14":15,"15":1,"16":1,"17":13,"18":1,"19":1,"20":42,"21":1,"22":1,"23":13,"24":1,"25":1,"26":0,"27":1,"28":1,"29":0,"30":1},"f":{"0":15,"1":15,"2":15,"3":13,"4":42,"5":13,"6":0,"7":0},"b":{}}
,"/home/runner/work/ui/ui/src/components/pagination/pagination.tsx": {"path":"/home/runner/work/ui/ui/src/components/pagination/pagination.tsx","statementMap":{"0":{"start":{"line":114,"column":0},"end":{"line":114,"column":16}},"1":{"start":{"line":1,"column":0},"end":{"line":1,"column":31}},"2":{"start":{"line":3,"column":0},"end":{"line":3,"column":66}},"3":{"start":{"line":5,"column":0},"end":{"line":5,"column":52}},"4":{"start":{"line":6,"column":0},"end":{"line":6,"column":30}},"5":{"start":{"line":8,"column":27},"end":{"line":19,"column":2}},"6":{"start":{"line":21,"column":31},"end":{"line":44,"column":null}},"7":{"start":{"line":59,"column":4},"end":{"line":73,"column":6}},"8":{"start":{"line":77,"column":4},"end":{"line":91,"column":6}},"9":{"start":{"line":95,"column":4},"end":{"line":111,"column":6}},"10":{"start":{"line":124,"column":21},"end":{"line":163,"column":21}},"11":{"start":{"line":125,"column":43},"end":{"line":125,"column":45}},"12":{"start":{"line":126,"column":27},"end":{"line":126,"column":28}},"13":{"start":{"line":127,"column":28},"end":{"line":127,"column":54}},"14":{"start":{"line":129,"column":8},"end":{"line":131,"column":9}},"15":{"start":{"line":130,"column":12},"end":{"line":130,"column":66}},"16":{"start":{"line":130,"column":59},"end":{"line":130,"column":64}},"17":{"start":{"line":134,"column":8},"end":{"line":134,"column":22}},"18":{"start":{"line":136,"column":24},"end":{"line":136,"column":55}},"19":{"start":{"line":137,"column":22},"end":{"line":137,"column":61}},"20":{"start":{"line":139,"column":8},"end":{"line":141,"column":9}},"21":{"start":{"line":140,"column":12},"end":{"line":140,"column":37}},"22":{"start":{"line":143,"column":8},"end":{"line":145,"column":9}},"23":{"start":{"line":144,"column":12},"end":{"line":144,"column":49}},"24":{"start":{"line":147,"column":8},"end":{"line":149,"column":9}},"25":{"start":{"line":148,"column":12},"end":{"line":148,"column":30}},"26":{"start":{"line":151,"column":8},"end":{"line":153,"column":9}},"27":{"start":{"line":151,"column":21},"end":{"line":151,"column":30}},"28":{"start":{"line":152,"column":12},"end":{"line":152,"column":26}},"29":{"start":{"line":155,"column":8},"end":{"line":157,"column":9}},"30":{"start":{"line":156,"column":12},"end":{"line":156,"column":30}},"31":{"start":{"line":160,"column":8},"end":{"line":160,"column":26}},"32":{"start":{"line":162,"column":8},"end":{"line":162,"column":21}},"33":{"start":{"line":165,"column":29},"end":{"line":169,"column":5}},"34":{"start":{"line":166,"column":8},"end":{"line":168,"column":9}},"35":{"start":{"line":167,"column":12},"end":{"line":167,"column":30}},"36":{"start":{"line":171,"column":4},"end":{"line":232,"column":6}},"37":{"start":{"line":182,"column":35},"end":{"line":182,"column":61}},"38":{"start":{"line":190,"column":16},"end":{"line":204,"column":17}},"39":{"start":{"line":191,"column":20},"end":{"line":203,"column":22}},"40":{"start":{"line":206,"column":16},"end":{"line":217,"column":18}},"41":{"start":{"line":211,"column":39},"end":{"line":211,"column":77}},"42":{"start":{"line":225,"column":35},"end":{"line":225,"column":61}}},"fnMap":{"0":{"name":"ChevronLeft","decl":{"start":{"line":58,"column":9},"end":{"line":58,"column":20}},"loc":{"start":{"line":58,"column":20},"end":{"line":74,"column":1}}},"1":{"name":"ChevronRight","decl":{"start":{"line":76,"column":9},"end":{"line":76,"column":21}},"loc":{"start":{"line":76,"column":21},"end":{"line":92,"column":1}}},"2":{"name":"Dots","decl":{"start":{"line":94,"column":9},"end":{"line":94,"column":13}},"loc":{"start":{"line":94,"column":13},"end":{"line":112,"column":1}}},"3":{"name":"Pagination","decl":{"start":{"line":114,"column":16},"end":{"line":114,"column":26}},"loc":{"start":{"line":123,"column":18},"end":{"line":233,"column":1}}},"4":{"name":"(anonymous_13)","decl":{"start":{"line":124,"column":39},"end":{"line":124,"column":42}},"loc":{"start":{"line":124,"column":44},"end":{"line":163,"column":5}}},"5":{"name":"(anonymous_14)","decl":{"start":{"line":130,"column":49},"end":{"line":130,"column":50}},"loc":{"start":{"line":130,"column":59},"end":{"line":130,"column":64}}},"6":{"name":"(anonymous_15)","decl":{"start":{"line":165,"column":29},"end":{"line":165,"column":30}},"loc":{"start":{"line":165,"column":49},"end":{"line":169,"column":5}}},"7":{"name":"(anonymous_16)","decl":{"start":{"line":182,"column":29},"end":{"line":182,"column":32}},"loc":{"start":{"line":182,"column":35},"end":{"line":182,"column":61}}},"8":{"name":"(anonymous_17)","decl":{"start":{"line":189,"column":28},"end":{"line":189,"column":29}},"loc":{"start":{"line":189,"column":50},"end":{"line":218,"column":13}}},"9":{"name":"(anonymous_18)","decl":{"start":{"line":211,"column":33},"end":{"line":211,"column":36}},"loc":{"start":{"line":211,"column":39},"end":{"line":211,"column":77}}},"10":{"name":"(anonymous_19)","decl":{"start":{"line":225,"column":29},"end":{"line":225,"column":32}},"loc":{"start":{"line":225,"column":35},"end":{"line":225,"column":61}}}},"branchMap":{"0":{"loc":{"start":{"line":119,"column":4},"end":{"line":119,"column":23}},"type":"default-arg","locations":[{"start":{"line":119,"column":14},"end":{"line":119,"column":23}}]},"1":{"loc":{"start":{"line":120,"column":4},"end":{"line":120,"column":23}},"type":"default-arg","locations":[{"start":{"line":120,"column":19},"end":{"line":120,"column":23}}]},"2":{"loc":{"start":{"line":129,"column":8},"end":{"line":131,"column":9}},"type":"if","locations":[{"start":{"line":129,"column":8},"end":{"line":131,"column":9}}]},"3":{"loc":{"start":{"line":139,"column":8},"end":{"line":141,"column":9}},"type":"if","locations":[{"start":{"line":139,"column":8},"end":{"line":141,"column":9}}]},"4":{"loc":{"start":{"line":143,"column":8},"end":{"line":145,"column":9}},"type":"if","locations":[{"start":{"line":143,"column":8},"end":{"line":145,"column":9}}]},"5":{"loc":{"start":{"line":147,"column":8},"end":{"line":149,"column":9}},"type":"if","locations":[{"start":{"line":147,"column":8},"end":{"line":149,"column":9}}]},"6":{"loc":{"start":{"line":155,"column":8},"end":{"line":157,"column":9}},"type":"if","locations":[{"start":{"line":155,"column":8},"end":{"line":157,"column":9}}]},"7":{"loc":{"start":{"line":166,"column":8},"end":{"line":168,"column":9}},"type":"if","locations":[{"start":{"line":166,"column":8},"end":{"line":168,"column":9}}]},"8":{"loc":{"start":{"line":166,"column":12},"end":{"line":166,"column":56}},"type":"binary-expr","locations":[{"start":{"line":166,"column":12},"end":{"line":166,"column":24}},{"start":{"line":166,"column":28},"end":{"line":166,"column":44}},{"start":{"line":166,"column":48},"end":{"line":166,"column":56}}]},"9":{"loc":{"start":{"line":177,"column":13},"end":{"line":187,"column":20}},"type":"cond-expr","locations":[{"start":{"line":178,"column":16},"end":{"line":185,"column":null}},{"start":{"line":187,"column":16},"end":{"line":187,"column":20}}]},"10":{"loc":{"start":{"line":190,"column":16},"end":{"line":204,"column":17}},"type":"if","locations":[{"start":{"line":190,"column":16},"end":{"line":204,"column":17}}]},"11":{"loc":{"start":{"line":209,"column":33},"end":{"line":209,"column":70}},"type":"cond-expr","locations":[{"start":{"line":209,"column":55},"end":{"line":209,"column":60}},{"start":{"line":209,"column":63},"end":{"line":209,"column":70}}]},"12":{"loc":{"start":{"line":213,"column":38},"end":{"line":213,"column":78}},"type":"cond-expr","locations":[{"start":{"line":213,"column":60},"end":{"line":213,"column":66}},{"start":{"line":213,"column":69},"end":{"line":213,"column":78}}]},"13":{"loc":{"start":{"line":220,"column":13},"end":{"line":230,"column":20}},"type":"cond-expr","locations":[{"start":{"line":221,"column":16},"end":{"line":228,"column":null}},{"start":{"line":230,"column":16},"end":{"line":230,"column":20}}]}},"s":{"0":1,"1":1,"2":1,"3":1,"4":1,"5":1,"6":1,"7":13,"8":13,"9":4,"10":14,"11":14,"12":14,"13":14,"14":14,"15":11,"16":55,"17":3,"18":3,"19":3,"20":3,"21":2,"22":3,"23":0,"24":3,"25":1,"26":3,"27":3,"28":17,"29":3,"30":3,"31":3,"32":3,"33":14,"34":2,"35":2,"36":14,"37":0,"38":82,"39":4,"40":78,"41":1,"42":1},"f":{"0":13,"1":13,"2":4,"3":14,"4":14,"5":55,"6":2,"7":0,"8":82,"9":1,"10":1},"b":{"0":[12],"1":[13],"2":[11],"3":[2],"4":[0],"5":[1],"6":[3],"7":[2],"8":[2,2,2],"9":[13,1],"10":[4],"11":[14,64],"12":[14,64],"13":[13,1]}}
,"/home/runner/work/ui/ui/src/components/section/section.tsx": {"path":"/home/runner/work/ui/ui/src/components/section/section.tsx","statementMap":{"0":{"start":{"line":21,"column":0},"end":{"line":21,"column":16}},"1":{"start":{"line":1,"column":0},"end":{"line":1,"column":31}},"2":{"start":{"line":3,"column":0},"end":{"line":3,"column":30}},"3":{"start":{"line":27,"column":4},"end":{"line":40,"column":5}},"4":{"start":{"line":28,"column":22},"end":{"line":28,"column":76}},"5":{"start":{"line":29,"column":8},"end":{"line":39,"column":48}},"6":{"start":{"line":42,"column":4},"end":{"line":55,"column":6}}},"fnMap":{"0":{"name":"Section","decl":{"start":{"line":21,"column":16},"end":{"line":21,"column":23}},"loc":{"start":{"line":26,"column":15},"end":{"line":56,"column":1}}}},"branchMap":{"0":{"loc":{"start":{"line":22,"column":4},"end":{"line":22,"column":19}},"type":"default-arg","locations":[{"start":{"line":22,"column":14},"end":{"line":22,"column":19}}]},"1":{"loc":{"start":{"line":27,"column":4},"end":{"line":40,"column":5}},"type":"if","locations":[{"start":{"line":27,"column":4},"end":{"line":40,"column":5}}]},"2":{"loc":{"start":{"line":27,"column":8},"end":{"line":27,"column":49}},"type":"binary-expr","locations":[{"start":{"line":27,"column":8},"end":{"line":27,"column":15}},{"start":{"line":27,"column":19},"end":{"line":27,"column":49}}]}},"s":{"0":1,"1":1,"2":1,"3":9,"4":3,"5":3,"6":6},"f":{"0":9},"b":{"0":[6],"1":[3],"2":[9,3]}}
,"/home/runner/work/ui/ui/src/components/separator/separator.tsx": {"path":"/home/runner/work/ui/ui/src/components/separator/separator.tsx","statementMap":{"0":{"start":{"line":34,"column":0},"end":{"line":34,"column":16}},"1":{"start":{"line":1,"column":0},"end":{"line":1,"column":31}},"2":{"start":{"line":3,"column":0},"end":{"line":3,"column":60}},"3":{"start":{"line":4,"column":0},"end":{"line":4,"column":66}},"4":{"start":{"line":6,"column":0},"end":{"line":6,"column":30}},"5":{"start":{"line":8,"column":26},"end":{"line":19,"column":2}},"6":{"start":{"line":21,"column":28},"end":{"line":24,"column":11}},"7":{"start":{"line":41,"column":4},"end":{"line":52,"column":6}}},"fnMap":{"0":{"name":"Separator","decl":{"start":{"line":34,"column":16},"end":{"line":34,"column":25}},"loc":{"start":{"line":40,"column":17},"end":{"line":53,"column":1}}}},"branchMap":{"0":{"loc":{"start":{"line":37,"column":4},"end":{"line":37,"column":30}},"type":"default-arg","locations":[{"start":{"line":37,"column":18},"end":{"line":37,"column":30}}]},"1":{"loc":{"start":{"line":38,"column":4},"end":{"line":38,"column":21}},"type":"default-arg","locations":[{"start":{"line":38,"column":17},"end":{"line":38,"column":21}}]}},"s":{"0":1,"1":1,"2":1,"3":1,"4":1,"5":1,"6":1,"7":11},"f":{"0":11},"b":{"0":[10],"1":[10]}}
,"/home/runner/work/ui/ui/src/components/table/table.tsx": {"path":"/home/runner/work/ui/ui/src/components/table/table.tsx","statementMap":{"0":{"start":{"line":1,"column":0},"end":{"line":1,"column":35}},"1":{"start":{"line":3,"column":0},"end":{"line":3,"column":null}},"2":{"start":{"line":12,"column":0},"end":{"line":12,"column":30}},"3":{"start":{"line":14,"column":20},"end":{"line":21,"column":2}},"4":{"start":{"line":23,"column":21},"end":{"line":23,"column":69}},"5":{"start":{"line":25,"column":21},"end":{"line":44,"column":2}},"6":{"start":{"line":46,"column":19},"end":{"line":46,"column":50}},"7":{"start":{"line":48,"column":18},"end":{"line":56,"column":2}},"8":{"start":{"line":58,"column":19},"end":{"line":63,"column":2}},"9":{"start":{"line":72,"column":13},"end":{"line":74,"column":3}},"10":{"start":{"line":73,"column":4},"end":{"line":73,"column":85}},"11":{"start":{"line":75,"column":0},"end":{"line":75,"column":28}},"12":{"start":{"line":77,"column":13},"end":{"line":81,"column":2}},"13":{"start":{"line":79,"column":8},"end":{"line":79,"column":96}},"14":{"start":{"line":82,"column":0},"end":{"line":82,"column":40}},"15":{"start":{"line":84,"column":13},"end":{"line":88,"column":2}},"16":{"start":{"line":86,"column":8},"end":{"line":86,"column":91}},"17":{"start":{"line":89,"column":0},"end":{"line":89,"column":30}},"18":{"start":{"line":91,"column":13},"end":{"line":95,"column":2}},"19":{"start":{"line":93,"column":8},"end":{"line":93,"column":92}},"20":{"start":{"line":96,"column":0},"end":{"line":96,"column":36}},"21":{"start":{"line":98,"column":13},"end":{"line":100,"column":3}},"22":{"start":{"line":99,"column":4},"end":{"line":99,"column":81}},"23":{"start":{"line":101,"column":0},"end":{"line":101,"column":24}},"24":{"start":{"line":103,"column":13},"end":{"line":105,"column":3}},"25":{"start":{"line":104,"column":4},"end":{"line":104,"column":83}},"26":{"start":{"line":106,"column":0},"end":{"line":106,"column":26}}},"fnMap":{"0":{"name":"(anonymous_0)","decl":{"start":{"line":72,"column":62},"end":{"line":72,"column":63}},"loc":{"start":{"line":72,"column":95},"end":{"line":74,"column":1}}},"1":{"name":"(anonymous_1)","decl":{"start":{"line":78,"column":4},"end":{"line":78,"column":5}},"loc":{"start":{"line":78,"column":37},"end":{"line":80,"column":5}}},"2":{"name":"(anonymous_2)","decl":{"start":{"line":85,"column":4},"end":{"line":85,"column":5}},"loc":{"start":{"line":85,"column":37},"end":{"line":87,"column":5}}},"3":{"name":"(anonymous_3)","decl":{"start":{"line":92,"column":4},"end":{"line":92,"column":5}},"loc":{"start":{"line":92,"column":37},"end":{"line":94,"column":5}}},"4":{"name":"(anonymous_4)","decl":{"start":{"line":98,"column":61},"end":{"line":98,"column":62}},"loc":{"start":{"line":98,"column":94},"end":{"line":100,"column":1}}},"5":{"name":"(anonymous_5)","decl":{"start":{"line":103,"column":64},"end":{"line":103,"column":65}},"loc":{"start":{"line":103,"column":97},"end":{"line":105,"column":1}}}},"branchMap":{},"s":{"0":1,"1":1,"2":1,"3":1,"4":1,"5":1,"6":1,"7":1,"8":1,"9":1,"10":11,"11":1,"12":1,"13":11,"14":1,"15":1,"16":29,"17":1,"18":1,"19":11,"20":1,"21":1,"22":20,"23":1,"24":1,"25":56,"26":1},"f":{"0":11,"1":11,"2":29,"3":11,"4":20,"5":56},"b":{}}
,"/home/runner/work/ui/ui/src/components/user/user.tsx": {"path":"/home/runner/work/ui/ui/src/components/user/user.tsx","statementMap":{"0":{"start":{"line":46,"column":0},"end":{"line":46,"column":16}},"1":{"start":{"line":1,"column":0},"end":{"line":1,"column":31}},"2":{"start":{"line":3,"column":0},"end":{"line":3,"column":66}},"3":{"start":{"line":5,"column":0},"end":{"line":5,"column":30}},"4":{"start":{"line":7,"column":21},"end":{"line":18,"column":2}},"5":{"start":{"line":20,"column":23},"end":{"line":33,"column":null}},"6":{"start":{"line":55,"column":21},"end":{"line":62,"column":14}},"7":{"start":{"line":56,"column":8},"end":{"line":61,"column":25}},"8":{"start":{"line":58,"column":24},"end":{"line":58,"column":28}},"9":{"start":{"line":64,"column":4},"end":{"line":84,"column":6}}},"fnMap":{"0":{"name":"User","decl":{"start":{"line":46,"column":16},"end":{"line":46,"column":20}},"loc":{"start":{"line":54,"column":12},"end":{"line":85,"column":1}}},"1":{"name":"(anonymous_10)","decl":{"start":{"line":55,"column":35},"end":{"line":55,"column":38}},"loc":{"start":{"line":55,"column":40},"end":{"line":62,"column":5}}},"2":{"name":"(anonymous_11)","decl":{"start":{"line":58,"column":17},"end":{"line":58,"column":18}},"loc":{"start":{"line":58,"column":24},"end":{"line":58,"column":28}}}},"branchMap":{"0":{"loc":{"start":{"line":67,"column":17},"end":{"line":74,"column":null}},"type":"cond-expr","locations":[{"start":{"line":68,"column":20},"end":{"line":71,"column":null}},{"start":{"line":74,"column":20},"end":{"line":74,"column":90}}]},"1":{"loc":{"start":{"line":69,"column":29},"end":{"line":69,"column":66}},"type":"binary-expr","locations":[{"start":{"line":69,"column":29},"end":{"line":69,"column":44}},{"start":{"line":69,"column":48},"end":{"line":69,"column":66}}]},"2":{"loc":{"start":{"line":74,"column":56},"end":{"line":74,"column":82}},"type":"binary-expr","locations":[{"start":{"line":74,"column":56},"end":{"line":74,"column":70}},{"start":{"line":74,"column":74},"end":{"line":74,"column":82}}]},"3":{"loc":{"start":{"line":79,"column":17},"end":{"line":81,"column":24}},"type":"cond-expr","locations":[{"start":{"line":80,"column":20},"end":{"line":80,"column":96}},{"start":{"line":81,"column":20},"end":{"line":81,"column":24}}]}},"s":{"0":1,"1":1,"2":1,"3":1,"4":1,"5":1,"6":10,"7":8,"8":16,"9":10},"f":{"0":10,"1":8,"2":16},"b":{"0":[1,9],"1":[1,0],"2":[9,8],"3":[1,9]}}
,"/home/runner/work/ui/ui/src/lib/cn.ts": {"path":"/home/runner/work/ui/ui/src/lib/cn.ts","statementMap":{"0":{"start":{"line":4,"column":0},"end":{"line":4,"column":16}},"1":{"start":{"line":1,"column":0},"end":{"line":1,"column":45}},"2":{"start":{"line":2,"column":0},"end":{"line":2,"column":41}},"3":{"start":{"line":5,"column":4},"end":{"line":5,"column":33}}},"fnMap":{"0":{"name":"cn","decl":{"start":{"line":4,"column":16},"end":{"line":4,"column":18}},"loc":{"start":{"line":4,"column":42},"end":{"line":6,"column":1}}}},"branchMap":{},"s":{"0":14,"1":14,"2":14,"3":805},"f":{"0":805},"b":{}}
,"/home/runner/work/ui/ui/src/lib/groupTokensByType.ts": {"path":"/home/runner/work/ui/ui/src/lib/groupTokensByType.ts","statementMap":{"0":{"start":{"line":19,"column":0},"end":{"line":19,"column":16}},"1":{"start":{"line":20,"column":33},"end":{"line":20,"column":35}},"2":{"start":{"line":22,"column":4},"end":{"line":24,"column":7}},"3":{"start":{"line":23,"column":8},"end":{"line":23,"column":55}},"4":{"start":{"line":26,"column":4},"end":{"line":26,"column":18}}},"fnMap":{"0":{"name":"groupTokensByType","decl":{"start":{"line":19,"column":16},"end":{"line":19,"column":33}},"loc":{"start":{"line":19,"column":52},"end":{"line":27,"column":1}}},"1":{"name":"(anonymous_1)","decl":{"start":{"line":22,"column":44},"end":{"line":22,"column":45}},"loc":{"start":{"line":22,"column":61},"end":{"line":24,"column":5}}}},"branchMap":{"0":{"loc":{"start":{"line":23,"column":9},"end":{"line":23,"column":35}},"type":"binary-expr","locations":[{"start":{"line":23,"column":9},"end":{"line":23,"column":32}},{"start":{"line":23,"column":9},"end":{"line":23,"column":34}}]}},"s":{"0":1,"1":4,"2":4,"3":6,"4":4},"f":{"0":4,"1":6},"b":{"0":[6,5]}}
,"/home/runner/work/ui/ui/src/lib/test-utils.tsx": {"path":"/home/runner/work/ui/ui/src/lib/test-utils.tsx","statementMap":{"0":{"start":{"line":1,"column":0},"end":{"line":1,"column":35}},"1":{"start":{"line":5,"column":0},"end":{"line":5,"column":48}},"2":{"start":{"line":6,"column":0},"end":{"line":6,"column":9}},"3":{"start":{"line":21,"column":9},"end":{"line":6,"column":51}},"4":{"start":{"line":8,"column":0},"end":{"line":8,"column":34}},"5":{"start":{"line":14,"column":21},"end":{"line":17,"column":45}},"6":{"start":{"line":17,"column":19},"end":{"line":17,"column":45}},"7":{"start":{"line":21,"column":30},"end":{"line":21,"column":36}},"8":{"start":{"line":20,"column":0},"end":{"line":20,"column":39}}},"fnMap":{"0":{"name":"(anonymous_4)","decl":{"start":{"line":21,"column":9},"end":{"line":21,"column":12}},"loc":{"start":{"line":21,"column":9},"end":{"line":6,"column":51}}},"1":{"name":"(anonymous_5)","decl":{"start":{"line":14,"column":21},"end":{"line":14,"column":null}},"loc":{"start":{"line":17,"column":19},"end":{"line":17,"column":45}}}},"branchMap":{"0":{"loc":{"start":{"line":16,"column":4},"end":{"line":16,"column":48}},"type":"default-arg","locations":[{"start":{"line":16,"column":46},"end":{"line":16,"column":48}}]}},"s":{"0":4,"1":4,"2":4,"3":4,"4":4,"5":4,"6":37,"7":4,"8":4},"f":{"0":0,"1":37},"b":{"0":[37]}}
}
