{"/home/runner/work/ui/ui/src/components/accordion/accordion.tsx": {"path":"/home/runner/work/ui/ui/src/components/accordion/accordion.tsx","statementMap":{"0":{"start":{"line":55,"column":0},"end":{"line":55,"column":16}},"1":{"start":{"line":65,"column":0},"end":{"line":65,"column":16}},"2":{"start":{"line":71,"column":0},"end":{"line":71,"column":16}},"3":{"start":{"line":93,"column":0},"end":{"line":93,"column":16}},"4":{"start":{"line":1,"column":0},"end":{"line":1,"column":31}},"5":{"start":{"line":3,"column":0},"end":{"line":3,"column":60}},"6":{"start":{"line":4,"column":0},"end":{"line":4,"column":56}},"7":{"start":{"line":5,"column":0},"end":{"line":5,"column":66}},"8":{"start":{"line":7,"column":0},"end":{"line":7,"column":30}},"9":{"start":{"line":9,"column":33},"end":{"line":21,"column":null}},"10":{"start":{"line":24,"column":33},"end":{"line":36,"column":null}},"11":{"start":{"line":56,"column":4},"end":{"line":62,"column":6}},"12":{"start":{"line":66,"column":4},"end":{"line":68,"column":6}},"13":{"start":{"line":77,"column":4},"end":{"line":90,"column":6}},"14":{"start":{"line":99,"column":4},"end":{"line":106,"column":6}}},"fnMap":{"0":{"name":"Accordion","decl":{"start":{"line":55,"column":16},"end":{"line":55,"column":25}},"loc":{"start":{"line":55,"column":65},"end":{"line":63,"column":1}}},"1":{"name":"AccordionItem","decl":{"start":{"line":65,"column":16},"end":{"line":65,"column":29}},"loc":{"start":{"line":65,"column":73},"end":{"line":69,"column":1}}},"2":{"name":"AccordionTrigger","decl":{"start":{"line":71,"column":16},"end":{"line":71,"column":32}},"loc":{"start":{"line":76,"column":24},"end":{"line":91,"column":1}}},"3":{"name":"AccordionContent","decl":{"start":{"line":93,"column":16},"end":{"line":93,"column":32}},"loc":{"start":{"line":98,"column":24},"end":{"line":107,"column":1}}}},"branchMap":{},"s":{"0":1,"1":1,"2":1,"3":1,"4":1,"5":1,"6":1,"7":1,"8":1,"9":1,"10":1,"11":10,"12":18,"13":18,"14":18},"f":{"0":10,"1":18,"2":18,"3":18},"b":{}}
,"/home/runner/work/ui/ui/src/components/badge/badge.tsx": {"path":"/home/runner/work/ui/ui/src/components/badge/badge.tsx","statementMap":{"0":{"start":{"line":1,"column":0},"end":{"line":1,"column":31}},"1":{"start":{"line":2,"column":0},"end":{"line":2,"column":35}},"2":{"start":{"line":5,"column":0},"end":{"line":5,"column":52}},"3":{"start":{"line":7,"column":0},"end":{"line":7,"column":30}},"4":{"start":{"line":9,"column":20},"end":{"line":15,"column":11}},"5":{"start":{"line":17,"column":27},"end":{"line":30,"column":11}},"6":{"start":{"line":62,"column":13},"end":{"line":93,"column":2}},"7":{"start":{"line":72,"column":12},"end":{"line":72,"column":17}},"8":{"start":{"line":74,"column":8},"end":{"line":91,"column":10}},"9":{"start":{"line":94,"column":0},"end":{"line":94,"column":28}}},"fnMap":{"0":{"name":"(anonymous_9)","decl":{"start":{"line":63,"column":4},"end":{"line":63,"column":5}},"loc":{"start":{"line":63,"column":68},"end":{"line":92,"column":5}}}},"branchMap":{"0":{"loc":{"start":{"line":69,"column":12},"end":{"line":69,"column":20}},"type":"default-arg","locations":[{"start":{"line":69,"column":18},"end":{"line":69,"column":20}}]},"1":{"loc":{"start":{"line":70,"column":12},"end":{"line":70,"column":28}},"type":"default-arg","locations":[{"start":{"line":70,"column":23},"end":{"line":70,"column":28}}]}},"s":{"0":0,"1":0,"2":0,"3":0,"4":0,"5":0,"6":0,"7":0,"8":0,"9":0},"f":{"0":0},"b":{"0":[0],"1":[0]}}
,"/home/runner/work/ui/ui/src/components/breadcrumbs/breadcrumbs.tsx": {"path":"/home/runner/work/ui/ui/src/components/breadcrumbs/breadcrumbs.tsx","statementMap":{"0":{"start":{"line":1,"column":0},"end":{"line":1,"column":35}},"1":{"start":{"line":3,"column":0},"end":{"line":3,"column":null}},"2":{"start":{"line":8,"column":0},"end":{"line":8,"column":30}},"3":{"start":{"line":10,"column":26},"end":{"line":19,"column":2}},"4":{"start":{"line":21,"column":25},"end":{"line":29,"column":2}},"5":{"start":{"line":34,"column":13},"end":{"line":40,"column":2}},"6":{"start":{"line":36,"column":8},"end":{"line":38,"column":10}},"7":{"start":{"line":41,"column":0},"end":{"line":41,"column":40}},"8":{"start":{"line":43,"column":13},"end":{"line":47,"column":2}},"9":{"start":{"line":45,"column":8},"end":{"line":45,"column":99}},"10":{"start":{"line":48,"column":0},"end":{"line":48,"column":38}}},"fnMap":{"0":{"name":"(anonymous_0)","decl":{"start":{"line":35,"column":4},"end":{"line":35,"column":5}},"loc":{"start":{"line":35,"column":37},"end":{"line":39,"column":5}}},"1":{"name":"(anonymous_1)","decl":{"start":{"line":44,"column":4},"end":{"line":44,"column":5}},"loc":{"start":{"line":44,"column":37},"end":{"line":46,"column":5}}}},"branchMap":{},"s":{"0":0,"1":0,"2":0,"3":0,"4":0,"5":0,"6":0,"7":0,"8":0,"9":0,"10":0},"f":{"0":0,"1":0},"b":{}}
,"/home/runner/work/ui/ui/src/components/button/button.tsx": {"path":"/home/runner/work/ui/ui/src/components/button/button.tsx","statementMap":{"0":{"start":{"line":34,"column":0},"end":{"line":34,"column":16}},"1":{"start":{"line":1,"column":0},"end":{"line":1,"column":31}},"2":{"start":{"line":3,"column":0},"end":{"line":3,"column":66}},"3":{"start":{"line":5,"column":0},"end":{"line":5,"column":61}},"4":{"start":{"line":7,"column":0},"end":{"line":7,"column":30}},"5":{"start":{"line":9,"column":23},"end":{"line":27,"column":null}},"6":{"start":{"line":35,"column":4},"end":{"line":51,"column":6}},"7":{"start":{"line":38,"column":16},"end":{"line":46,"column":null}}},"fnMap":{"0":{"name":"Button","decl":{"start":{"line":34,"column":16},"end":{"line":34,"column":22}},"loc":{"start":{"line":34,"column":68},"end":{"line":52,"column":1}}},"1":{"name":"(anonymous_10)","decl":{"start":{"line":37,"column":23},"end":{"line":37,"column":24}},"loc":{"start":{"line":38,"column":16},"end":{"line":46,"column":null}}}},"branchMap":{"0":{"loc":{"start":{"line":41,"column":20},"end":{"line":41,"column":49}},"type":"binary-expr","locations":[{"start":{"line":41,"column":20},"end":{"line":41,"column":29}},{"start":{"line":41,"column":33},"end":{"line":41,"column":49}}]},"1":{"loc":{"start":{"line":42,"column":20},"end":{"line":42,"column":74}},"type":"binary-expr","locations":[{"start":{"line":42,"column":20},"end":{"line":42,"column":29}},{"start":{"line":42,"column":33},"end":{"line":42,"column":54}},{"start":{"line":42,"column":58},"end":{"line":42,"column":74}}]},"2":{"loc":{"start":{"line":43,"column":20},"end":{"line":43,"column":77}},"type":"binary-expr","locations":[{"start":{"line":43,"column":20},"end":{"line":43,"column":34}},{"start":{"line":43,"column":38},"end":{"line":43,"column":77}}]},"3":{"loc":{"start":{"line":44,"column":20},"end":{"line":44,"column":66}},"type":"binary-expr","locations":[{"start":{"line":44,"column":20},"end":{"line":44,"column":30}},{"start":{"line":44,"column":34},"end":{"line":44,"column":66}}]}},"s":{"0":0,"1":0,"2":0,"3":0,"4":0,"5":0,"6":0,"7":0},"f":{"0":0,"1":0},"b":{"0":[0,0],"1":[0,0,0],"2":[0,0],"3":[0,0]}}
,"/home/runner/work/ui/ui/src/components/container/container.tsx": {"path":"/home/runner/work/ui/ui/src/components/container/container.tsx","statementMap":{"0":{"start":{"line":21,"column":0},"end":{"line":21,"column":16}},"1":{"start":{"line":1,"column":0},"end":{"line":1,"column":31}},"2":{"start":{"line":3,"column":0},"end":{"line":3,"column":30}},"3":{"start":{"line":27,"column":17},"end":{"line":27,"column":49}},"4":{"start":{"line":29,"column":4},"end":{"line":42,"column":6}}},"fnMap":{"0":{"name":"Container","decl":{"start":{"line":21,"column":16},"end":{"line":21,"column":25}},"loc":{"start":{"line":26,"column":17},"end":{"line":43,"column":1}}}},"branchMap":{"0":{"loc":{"start":{"line":22,"column":4},"end":{"line":22,"column":19}},"type":"default-arg","locations":[{"start":{"line":22,"column":14},"end":{"line":22,"column":19}}]},"1":{"loc":{"start":{"line":27,"column":17},"end":{"line":27,"column":49}},"type":"cond-expr","locations":[{"start":{"line":27,"column":27},"end":{"line":27,"column":41}},{"start":{"line":27,"column":44},"end":{"line":27,"column":49}}]}},"s":{"0":0,"1":0,"2":0,"3":0,"4":0},"f":{"0":0},"b":{"0":[0],"1":[0,0]}}
,"/home/runner/work/ui/ui/src/components/link/link.tsx": {"path":"/home/runner/work/ui/ui/src/components/link/link.tsx","statementMap":{"0":{"start":{"line":1,"column":0},"end":{"line":1,"column":42}},"1":{"start":{"line":3,"column":0},"end":{"line":3,"column":66}},"2":{"start":{"line":4,"column":0},"end":{"line":4,"column":57}},"3":{"start":{"line":6,"column":0},"end":{"line":6,"column":30}},"4":{"start":{"line":8,"column":21},"end":{"line":45,"column":null}},"5":{"start":{"line":52,"column":13},"end":{"line":58,"column":2}},"6":{"start":{"line":54,"column":8},"end":{"line":56,"column":10}},"7":{"start":{"line":59,"column":0},"end":{"line":59,"column":26}}},"fnMap":{"0":{"name":"(anonymous_9)","decl":{"start":{"line":53,"column":4},"end":{"line":53,"column":5}},"loc":{"start":{"line":53,"column":66},"end":{"line":57,"column":5}}}},"branchMap":{},"s":{"0":1,"1":1,"2":1,"3":1,"4":1,"5":1,"6":12,"7":1},"f":{"0":12},"b":{}}
,"/home/runner/work/ui/ui/src/components/navigation-menu/navigation-menu.tsx": {"path":"/home/runner/work/ui/ui/src/components/navigation-menu/navigation-menu.tsx","statementMap":{"0":{"start":{"line":1,"column":0},"end":{"line":1,"column":35}},"1":{"start":{"line":3,"column":0},"end":{"line":3,"column":56}},"2":{"start":{"line":4,"column":0},"end":{"line":4,"column":71}},"3":{"start":{"line":5,"column":0},"end":{"line":5,"column":66}},"4":{"start":{"line":7,"column":0},"end":{"line":7,"column":30}},"5":{"start":{"line":9,"column":35},"end":{"line":21,"column":null}},"6":{"start":{"line":34,"column":13},"end":{"line":47,"column":2}},"7":{"start":{"line":36,"column":8},"end":{"line":44,"column":null}},"8":{"start":{"line":48,"column":0},"end":{"line":48,"column":46}},"9":{"start":{"line":50,"column":13},"end":{"line":61,"column":2}},"10":{"start":{"line":52,"column":8},"end":{"line":58,"column":null}},"11":{"start":{"line":62,"column":0},"end":{"line":62,"column":54}},"12":{"start":{"line":64,"column":13},"end":{"line":64,"column":59}},"13":{"start":{"line":66,"column":13},"end":{"line":80,"column":2}},"14":{"start":{"line":68,"column":8},"end":{"line":77,"column":null}},"15":{"start":{"line":81,"column":0},"end":{"line":81,"column":60}},"16":{"start":{"line":83,"column":13},"end":{"line":94,"column":2}},"17":{"start":{"line":85,"column":8},"end":{"line":91,"column":null}},"18":{"start":{"line":95,"column":0},"end":{"line":95,"column":60}},"19":{"start":{"line":97,"column":13},"end":{"line":108,"column":2}},"20":{"start":{"line":99,"column":8},"end":{"line":105,"column":null}},"21":{"start":{"line":109,"column":0},"end":{"line":109,"column":54}},"22":{"start":{"line":111,"column":13},"end":{"line":124,"column":2}},"23":{"start":{"line":113,"column":8},"end":{"line":121,"column":null}},"24":{"start":{"line":125,"column":0},"end":{"line":125,"column":62}},"25":{"start":{"line":127,"column":13},"end":{"line":140,"column":2}},"26":{"start":{"line":129,"column":8},"end":{"line":137,"column":null}},"27":{"start":{"line":141,"column":0},"end":{"line":141,"column":64}}},"fnMap":{"0":{"name":"(anonymous_9)","decl":{"start":{"line":35,"column":4},"end":{"line":35,"column":5}},"loc":{"start":{"line":36,"column":8},"end":{"line":44,"column":null}}},"1":{"name":"(anonymous_10)","decl":{"start":{"line":51,"column":4},"end":{"line":51,"column":5}},"loc":{"start":{"line":52,"column":8},"end":{"line":58,"column":null}}},"2":{"name":"(anonymous_11)","decl":{"start":{"line":67,"column":4},"end":{"line":67,"column":5}},"loc":{"start":{"line":68,"column":8},"end":{"line":77,"column":null}}},"3":{"name":"(anonymous_12)","decl":{"start":{"line":84,"column":4},"end":{"line":84,"column":5}},"loc":{"start":{"line":85,"column":8},"end":{"line":91,"column":null}}},"4":{"name":"(anonymous_13)","decl":{"start":{"line":98,"column":4},"end":{"line":98,"column":5}},"loc":{"start":{"line":99,"column":8},"end":{"line":105,"column":null}}},"5":{"name":"(anonymous_14)","decl":{"start":{"line":112,"column":4},"end":{"line":112,"column":5}},"loc":{"start":{"line":113,"column":8},"end":{"line":121,"column":null}}},"6":{"name":"(anonymous_15)","decl":{"start":{"line":128,"column":4},"end":{"line":128,"column":5}},"loc":{"start":{"line":129,"column":8},"end":{"line":137,"column":null}}}},"branchMap":{},"s":{"0":0,"1":0,"2":0,"3":0,"4":0,"5":0,"6":0,"7":0,"8":0,"9":0,"10":0,"11":0,"12":0,"13":0,"14":0,"15":0,"16":0,"17":0,"18":0,"19":0,"20":0,"21":0,"22":0,"23":0,"24":0,"25":0,"26":0,"27":0},"f":{"0":0,"1":0,"2":0,"3":0,"4":0,"5":0,"6":0},"b":{}}
,"/home/runner/work/ui/ui/src/components/section/section.tsx": {"path":"/home/runner/work/ui/ui/src/components/section/section.tsx","statementMap":{"0":{"start":{"line":21,"column":0},"end":{"line":21,"column":16}},"1":{"start":{"line":1,"column":0},"end":{"line":1,"column":31}},"2":{"start":{"line":3,"column":0},"end":{"line":3,"column":30}},"3":{"start":{"line":27,"column":17},"end":{"line":27,"column":53}},"4":{"start":{"line":29,"column":4},"end":{"line":42,"column":6}}},"fnMap":{"0":{"name":"Section","decl":{"start":{"line":21,"column":16},"end":{"line":21,"column":23}},"loc":{"start":{"line":26,"column":15},"end":{"line":43,"column":1}}}},"branchMap":{"0":{"loc":{"start":{"line":22,"column":4},"end":{"line":22,"column":19}},"type":"default-arg","locations":[{"start":{"line":22,"column":14},"end":{"line":22,"column":19}}]},"1":{"loc":{"start":{"line":27,"column":17},"end":{"line":27,"column":53}},"type":"cond-expr","locations":[{"start":{"line":27,"column":27},"end":{"line":27,"column":41}},{"start":{"line":27,"column":44},"end":{"line":27,"column":53}}]}},"s":{"0":0,"1":0,"2":0,"3":0,"4":0},"f":{"0":0},"b":{"0":[0],"1":[0,0]}}
,"/home/runner/work/ui/ui/src/components/separator/separator.tsx": {"path":"/home/runner/work/ui/ui/src/components/separator/separator.tsx","statementMap":{"0":{"start":{"line":34,"column":0},"end":{"line":34,"column":16}},"1":{"start":{"line":1,"column":0},"end":{"line":1,"column":31}},"2":{"start":{"line":3,"column":0},"end":{"line":3,"column":60}},"3":{"start":{"line":4,"column":0},"end":{"line":4,"column":66}},"4":{"start":{"line":6,"column":0},"end":{"line":6,"column":30}},"5":{"start":{"line":8,"column":26},"end":{"line":19,"column":2}},"6":{"start":{"line":21,"column":28},"end":{"line":24,"column":11}},"7":{"start":{"line":41,"column":4},"end":{"line":52,"column":6}}},"fnMap":{"0":{"name":"Separator","decl":{"start":{"line":34,"column":16},"end":{"line":34,"column":25}},"loc":{"start":{"line":40,"column":17},"end":{"line":53,"column":1}}}},"branchMap":{"0":{"loc":{"start":{"line":37,"column":4},"end":{"line":37,"column":30}},"type":"default-arg","locations":[{"start":{"line":37,"column":18},"end":{"line":37,"column":30}}]},"1":{"loc":{"start":{"line":38,"column":4},"end":{"line":38,"column":21}},"type":"default-arg","locations":[{"start":{"line":38,"column":17},"end":{"line":38,"column":21}}]}},"s":{"0":0,"1":0,"2":0,"3":0,"4":0,"5":0,"6":0,"7":0},"f":{"0":0},"b":{"0":[0],"1":[0]}}
,"/home/runner/work/ui/ui/src/components/table/table.tsx": {"path":"/home/runner/work/ui/ui/src/components/table/table.tsx","statementMap":{"0":{"start":{"line":1,"column":0},"end":{"line":1,"column":35}},"1":{"start":{"line":3,"column":0},"end":{"line":3,"column":null}},"2":{"start":{"line":12,"column":0},"end":{"line":12,"column":30}},"3":{"start":{"line":14,"column":20},"end":{"line":21,"column":2}},"4":{"start":{"line":23,"column":21},"end":{"line":23,"column":69}},"5":{"start":{"line":25,"column":21},"end":{"line":44,"column":2}},"6":{"start":{"line":46,"column":19},"end":{"line":46,"column":50}},"7":{"start":{"line":48,"column":18},"end":{"line":56,"column":2}},"8":{"start":{"line":58,"column":19},"end":{"line":63,"column":2}},"9":{"start":{"line":72,"column":13},"end":{"line":74,"column":3}},"10":{"start":{"line":73,"column":4},"end":{"line":73,"column":85}},"11":{"start":{"line":75,"column":0},"end":{"line":75,"column":28}},"12":{"start":{"line":77,"column":13},"end":{"line":81,"column":2}},"13":{"start":{"line":79,"column":8},"end":{"line":79,"column":96}},"14":{"start":{"line":82,"column":0},"end":{"line":82,"column":40}},"15":{"start":{"line":84,"column":13},"end":{"line":88,"column":2}},"16":{"start":{"line":86,"column":8},"end":{"line":86,"column":91}},"17":{"start":{"line":89,"column":0},"end":{"line":89,"column":30}},"18":{"start":{"line":91,"column":13},"end":{"line":95,"column":2}},"19":{"start":{"line":93,"column":8},"end":{"line":93,"column":92}},"20":{"start":{"line":96,"column":0},"end":{"line":96,"column":36}},"21":{"start":{"line":98,"column":13},"end":{"line":100,"column":3}},"22":{"start":{"line":99,"column":4},"end":{"line":99,"column":81}},"23":{"start":{"line":101,"column":0},"end":{"line":101,"column":24}},"24":{"start":{"line":103,"column":13},"end":{"line":105,"column":3}},"25":{"start":{"line":104,"column":4},"end":{"line":104,"column":83}},"26":{"start":{"line":106,"column":0},"end":{"line":106,"column":26}}},"fnMap":{"0":{"name":"(anonymous_0)","decl":{"start":{"line":72,"column":62},"end":{"line":72,"column":63}},"loc":{"start":{"line":72,"column":95},"end":{"line":74,"column":1}}},"1":{"name":"(anonymous_1)","decl":{"start":{"line":78,"column":4},"end":{"line":78,"column":5}},"loc":{"start":{"line":78,"column":37},"end":{"line":80,"column":5}}},"2":{"name":"(anonymous_2)","decl":{"start":{"line":85,"column":4},"end":{"line":85,"column":5}},"loc":{"start":{"line":85,"column":37},"end":{"line":87,"column":5}}},"3":{"name":"(anonymous_3)","decl":{"start":{"line":92,"column":4},"end":{"line":92,"column":5}},"loc":{"start":{"line":92,"column":37},"end":{"line":94,"column":5}}},"4":{"name":"(anonymous_4)","decl":{"start":{"line":98,"column":61},"end":{"line":98,"column":62}},"loc":{"start":{"line":98,"column":94},"end":{"line":100,"column":1}}},"5":{"name":"(anonymous_5)","decl":{"start":{"line":103,"column":64},"end":{"line":103,"column":65}},"loc":{"start":{"line":103,"column":97},"end":{"line":105,"column":1}}}},"branchMap":{},"s":{"0":0,"1":0,"2":0,"3":0,"4":0,"5":0,"6":0,"7":0,"8":0,"9":0,"10":0,"11":0,"12":0,"13":0,"14":0,"15":0,"16":0,"17":0,"18":0,"19":0,"20":0,"21":0,"22":0,"23":0,"24":0,"25":0,"26":0},"f":{"0":0,"1":0,"2":0,"3":0,"4":0,"5":0},"b":{}}
,"/home/runner/work/ui/ui/src/lib/cn.ts": {"path":"/home/runner/work/ui/ui/src/lib/cn.ts","statementMap":{"0":{"start":{"line":4,"column":0},"end":{"line":4,"column":16}},"1":{"start":{"line":1,"column":0},"end":{"line":1,"column":45}},"2":{"start":{"line":2,"column":0},"end":{"line":2,"column":41}},"3":{"start":{"line":5,"column":4},"end":{"line":5,"column":33}}},"fnMap":{"0":{"name":"cn","decl":{"start":{"line":4,"column":16},"end":{"line":4,"column":18}},"loc":{"start":{"line":4,"column":42},"end":{"line":6,"column":1}}}},"branchMap":{},"s":{"0":2,"1":2,"2":2,"3":76},"f":{"0":76},"b":{}}
,"/home/runner/work/ui/ui/src/lib/groupTokensByType.ts": {"path":"/home/runner/work/ui/ui/src/lib/groupTokensByType.ts","statementMap":{"0":{"start":{"line":19,"column":0},"end":{"line":19,"column":16}},"1":{"start":{"line":20,"column":33},"end":{"line":20,"column":35}},"2":{"start":{"line":22,"column":4},"end":{"line":24,"column":7}},"3":{"start":{"line":23,"column":8},"end":{"line":23,"column":55}},"4":{"start":{"line":26,"column":4},"end":{"line":26,"column":18}}},"fnMap":{"0":{"name":"groupTokensByType","decl":{"start":{"line":19,"column":16},"end":{"line":19,"column":33}},"loc":{"start":{"line":19,"column":52},"end":{"line":27,"column":1}}},"1":{"name":"(anonymous_1)","decl":{"start":{"line":22,"column":44},"end":{"line":22,"column":45}},"loc":{"start":{"line":22,"column":61},"end":{"line":24,"column":5}}}},"branchMap":{"0":{"loc":{"start":{"line":23,"column":9},"end":{"line":23,"column":35}},"type":"binary-expr","locations":[{"start":{"line":23,"column":9},"end":{"line":23,"column":32}},{"start":{"line":23,"column":9},"end":{"line":23,"column":34}}]}},"s":{"0":1,"1":4,"2":4,"3":6,"4":4},"f":{"0":4,"1":6},"b":{"0":[6,5]}}
,"/home/runner/work/ui/ui/src/lib/test-utils.tsx": {"path":"/home/runner/work/ui/ui/src/lib/test-utils.tsx","statementMap":{"0":{"start":{"line":1,"column":0},"end":{"line":1,"column":35}},"1":{"start":{"line":5,"column":0},"end":{"line":5,"column":48}},"2":{"start":{"line":6,"column":0},"end":{"line":6,"column":9}},"3":{"start":{"line":21,"column":9},"end":{"line":6,"column":51}},"4":{"start":{"line":8,"column":0},"end":{"line":8,"column":34}},"5":{"start":{"line":14,"column":21},"end":{"line":17,"column":45}},"6":{"start":{"line":17,"column":19},"end":{"line":17,"column":45}},"7":{"start":{"line":21,"column":30},"end":{"line":21,"column":36}},"8":{"start":{"line":20,"column":0},"end":{"line":20,"column":39}}},"fnMap":{"0":{"name":"(anonymous_4)","decl":{"start":{"line":21,"column":9},"end":{"line":21,"column":12}},"loc":{"start":{"line":21,"column":9},"end":{"line":6,"column":51}}},"1":{"name":"(anonymous_5)","decl":{"start":{"line":14,"column":21},"end":{"line":14,"column":null}},"loc":{"start":{"line":17,"column":19},"end":{"line":17,"column":45}}}},"branchMap":{"0":{"loc":{"start":{"line":16,"column":4},"end":{"line":16,"column":48}},"type":"default-arg","locations":[{"start":{"line":16,"column":46},"end":{"line":16,"column":48}}]}},"s":{"0":2,"1":2,"2":2,"3":2,"4":2,"5":2,"6":22,"7":2,"8":2},"f":{"0":0,"1":22},"b":{"0":[22]}}
}
