TN:
SF:src/components/accordion/accordion.tsx
FN:55,Accordion
FN:65,AccordionItem
FN:71,AccordionTrigger
FN:93,AccordionContent
FNF:4
FNH:4
FNDA:10,Accordion
FNDA:18,AccordionItem
FNDA:18,AccordionTrigger
FNDA:18,AccordionContent
DA:1,1
DA:3,1
DA:4,1
DA:5,1
DA:7,1
DA:9,1
DA:24,1
DA:55,1
DA:56,10
DA:65,1
DA:66,18
DA:71,1
DA:77,18
DA:93,1
DA:99,18
LF:15
LH:15
BRF:0
BRH:0
end_of_record
TN:
SF:src/components/badge/badge.tsx
FN:63,(anonymous_9)
FNF:1
FNH:1
FNDA:11,(anonymous_9)
DA:1,1
DA:2,1
DA:5,1
DA:7,1
DA:9,1
DA:17,1
DA:62,1
DA:72,11
DA:74,11
DA:94,1
LF:10
LH:10
BRDA:69,0,0,10
BRDA:70,1,0,9
BRF:2
BRH:2
end_of_record
TN:
SF:src/components/breadcrumbs/breadcrumbs.tsx
FN:29,(anonymous_0)
FN:38,(anonymous_1)
FNF:2
FNH:2
FNDA:6,(anonymous_0)
FNDA:16,(anonymous_1)
DA:1,1
DA:3,1
DA:8,1
DA:10,1
DA:17,1
DA:28,1
DA:30,6
DA:35,1
DA:37,1
DA:39,16
DA:46,1
LF:11
LH:11
BRF:0
BRH:0
end_of_record
TN:
SF:src/components/button/button.tsx
FN:33,Button
FN:36,(anonymous_10)
FNF:2
FNH:2
FNDA:116,Button
FNDA:145,(anonymous_10)
DA:1,3
DA:3,3
DA:5,3
DA:7,3
DA:9,3
DA:33,3
DA:34,116
DA:37,145
LF:8
LH:8
BRDA:40,0,0,145
BRDA:40,0,1,7
BRDA:41,1,0,145
BRDA:41,1,1,17
BRDA:41,1,2,3
BRDA:42,2,0,145
BRDA:42,2,1,8
BRDA:43,3,0,145
BRDA:43,3,1,13
BRF:9
BRH:9
end_of_record
TN:
SF:src/components/card/card.tsx
FN:65,Card
FN:91,(anonymous_10)
FN:98,(anonymous_11)
FN:110,(anonymous_12)
FN:124,(anonymous_13)
FN:133,(anonymous_14)
FN:143,(anonymous_15)
FN:151,(anonymous_16)
FN:152,(anonymous_17)
FN:159,(anonymous_18)
FN:221,CardHeader
FN:251,CardTitle
FN:277,CardDescription
FN:309,CardContent
FN:344,CardFooter
FN:365,CardImage
FNF:16
FNH:16
FNDA:54,Card
FNDA:5,(anonymous_10)
FNDA:5,(anonymous_11)
FNDA:7,(anonymous_12)
FNDA:3,(anonymous_13)
FNDA:2,(anonymous_14)
FNDA:1,(anonymous_15)
FNDA:28,(anonymous_16)
FNDA:13,(anonymous_17)
FNDA:28,(anonymous_18)
FNDA:6,CardHeader
FNDA:8,CardTitle
FNDA:5,CardDescription
FNDA:18,CardContent
FNDA:5,CardFooter
FNDA:7,CardImage
DA:1,1
DA:3,1
DA:5,1
DA:7,1
DA:65,1
DA:85,54
DA:86,54
DA:87,54
DA:88,54
DA:89,54
DA:91,54
DA:92,5
DA:93,0
DA:95,5
DA:98,54
DA:99,5
DA:100,0
DA:102,5
DA:103,3
DA:104,3
DA:105,3
DA:106,3
DA:110,54
DA:111,7
DA:112,0
DA:114,7
DA:115,3
DA:116,3
DA:117,3
DA:118,3
DA:119,3
DA:120,3
DA:124,54
DA:125,3
DA:126,0
DA:128,3
DA:129,3
DA:130,3
DA:133,54
DA:134,2
DA:135,0
DA:137,2
DA:138,2
DA:139,2
DA:140,2
DA:143,54
DA:144,1
DA:145,0
DA:147,1
DA:148,1
DA:151,54
DA:152,28
DA:153,13
DA:154,7
DA:158,28
DA:159,28
DA:160,28
DA:164,54
DA:197,1
DA:221,1
DA:227,6
DA:232,1
DA:251,1
DA:257,8
DA:260,1
DA:277,1
DA:282,5
DA:285,1
DA:309,1
DA:315,18
DA:320,1
DA:344,1
DA:350,5
DA:365,1
DA:376,7
DA:389,7
DA:397,7
DA:398,1
DA:414,6
LF:79
LH:73
BRDA:71,0,0,54
BRDA:72,1,0,24
BRDA:73,2,0,53
BRDA:74,3,0,52
BRDA:75,4,0,53
BRDA:76,5,0,53
BRDA:77,6,0,53
BRDA:87,7,0,0
BRDA:87,7,1,54
BRDA:88,8,0,30
BRDA:88,8,1,24
BRDA:89,9,0,28
BRDA:89,9,1,26
BRDA:89,10,0,54
BRDA:89,10,1,30
BRDA:92,11,0,0
BRDA:99,12,0,0
BRDA:102,13,0,3
BRDA:102,14,0,5
BRDA:102,14,1,4
BRDA:111,15,0,0
BRDA:114,16,0,3
BRDA:114,17,0,7
BRDA:114,17,1,6
BRDA:125,18,0,0
BRDA:134,19,0,0
BRDA:144,20,0,0
BRDA:153,21,0,7
BRDA:169,22,0,54
BRDA:169,22,1,53
BRDA:170,23,0,54
BRDA:170,23,1,41
BRDA:171,24,0,54
BRDA:171,24,1,41
BRDA:172,25,0,54
BRDA:172,25,1,52
BRDA:173,26,0,54
BRDA:173,26,1,48
BRDA:176,27,0,54
BRDA:176,27,1,30
BRDA:177,28,0,54
BRDA:177,28,1,1
BRDA:178,29,0,54
BRDA:178,29,1,2
BRDA:179,30,0,54
BRDA:179,30,1,53
BRDA:180,31,0,54
BRDA:180,31,1,53
BRDA:180,31,2,29
BRDA:181,32,0,54
BRDA:181,32,1,1
BRDA:184,33,0,30
BRDA:184,33,1,24
BRDA:185,34,0,30
BRDA:185,34,1,24
BRDA:186,35,0,30
BRDA:186,35,1,24
BRDA:187,36,0,30
BRDA:187,36,1,24
BRDA:188,37,0,30
BRDA:188,37,1,24
BRDA:189,38,0,30
BRDA:189,38,1,24
BRDA:254,39,0,6
BRDA:367,40,0,6
BRDA:370,41,0,6
BRDA:371,42,0,5
BRDA:372,43,0,6
BRDA:373,44,0,6
BRDA:379,45,0,7
BRDA:379,45,1,6
BRDA:380,46,0,7
BRDA:380,46,1,1
BRDA:381,47,0,7
BRDA:381,47,1,0
BRDA:382,48,0,7
BRDA:382,48,1,5
BRDA:391,49,0,1
BRDA:391,49,1,6
BRDA:392,50,0,7
BRDA:392,50,1,6
BRDA:397,51,0,1
BRDA:401,52,0,1
BRDA:401,52,1,1
BRDA:402,53,0,1
BRDA:402,53,1,0
BRDA:403,54,0,1
BRDA:403,54,1,0
BRDA:404,55,0,1
BRDA:404,55,1,1
BRDA:407,56,0,0
BRDA:407,56,1,1
BRF:92
BRH:81
end_of_record
TN:
SF:src/components/comments/comments.tsx
FN:74,Comment
FN:117,CommentGroup
FN:136,CommentContent
FN:150,CommentAction
FN:166,CommentActions
FN:179,CommentMetadata
FNF:6
FNH:5
FNDA:9,Comment
FNDA:4,CommentGroup
FNDA:0,CommentContent
FNDA:2,CommentAction
FNDA:1,CommentActions
FNDA:1,CommentMetadata
DA:1,1
DA:3,1
DA:5,1
DA:7,1
DA:27,1
DA:40,1
DA:74,1
DA:85,9
DA:86,1
DA:93,8
DA:117,1
DA:124,4
DA:125,1
DA:128,3
DA:136,1
DA:142,0
DA:150,1
DA:155,2
DA:166,1
DA:171,1
DA:179,1
DA:184,1
LF:22
LH:21
BRDA:85,0,0,1
BRDA:95,1,0,1
BRDA:95,1,1,7
BRDA:105,2,0,1
BRDA:105,2,1,7
BRDA:108,3,0,1
BRDA:108,3,1,7
BRDA:124,4,0,1
BRF:8
BRH:8
end_of_record
TN:
SF:src/components/container/container.tsx
FN:21,Container
FNF:1
FNH:1
FNDA:11,Container
DA:1,2
DA:3,2
DA:21,2
DA:27,11
DA:28,11
DA:36,11
LF:6
LH:6
BRDA:22,0,0,6
BRDA:27,1,0,5
BRDA:27,1,1,6
BRDA:28,2,0,5
BRDA:28,2,1,6
BRF:5
BRH:5
end_of_record
TN:
SF:src/components/dialog/dialog.tsx
FN:101,(anonymous_9)
FN:107,(anonymous_10)
FN:116,(anonymous_11)
FN:166,(anonymous_12)
FN:183,(anonymous_13)
FN:201,(anonymous_14)
FN:217,(anonymous_15)
FNF:7
FNH:7
FNDA:16,(anonymous_9)
FNDA:16,(anonymous_10)
FNDA:16,(anonymous_11)
FNDA:4,(anonymous_12)
FNDA:3,(anonymous_13)
FNDA:14,(anonymous_14)
FNDA:3,(anonymous_15)
DA:1,1
DA:3,1
DA:4,1
DA:5,1
DA:7,1
DA:9,1
DA:29,1
DA:101,16
DA:102,1
DA:104,1
DA:108,16
DA:110,1
DA:112,1
DA:133,16
DA:161,1
DA:163,1
DA:167,4
DA:178,1
DA:180,1
DA:184,3
DA:196,1
DA:198,1
DA:202,14
DA:212,1
DA:214,1
DA:218,3
DA:224,1
LF:27
LH:27
BRDA:122,0,0,14
BRDA:142,1,0,2
BRDA:142,1,1,14
BRF:3
BRH:3
end_of_record
TN:
SF:src/components/link/link.tsx
FN:50,(anonymous_9)
FNF:1
FNH:1
FNDA:22,(anonymous_9)
DA:1,2
DA:3,2
DA:4,2
DA:6,2
DA:8,2
DA:49,2
DA:51,22
DA:61,2
LF:8
LH:8
BRF:0
BRH:0
end_of_record
TN:
SF:src/components/navigation-menu/navigation-menu.tsx
FN:39,(anonymous_9)
FN:55,(anonymous_10)
FN:71,(anonymous_11)
FN:88,(anonymous_12)
FN:102,(anonymous_13)
FN:116,(anonymous_14)
FN:132,(anonymous_15)
FN:148,(anonymous_16)
FNF:8
FNH:6
FNDA:15,(anonymous_9)
FNDA:15,(anonymous_10)
FNDA:17,(anonymous_11)
FNDA:13,(anonymous_12)
FNDA:42,(anonymous_13)
FNDA:13,(anonymous_14)
FNDA:0,(anonymous_15)
FNDA:0,(anonymous_16)
DA:1,1
DA:3,1
DA:4,1
DA:5,1
DA:7,1
DA:9,1
DA:38,1
DA:40,15
DA:52,1
DA:54,1
DA:56,15
DA:66,1
DA:68,1
DA:70,1
DA:72,17
DA:85,1
DA:87,1
DA:89,13
DA:99,1
DA:101,1
DA:103,42
DA:113,1
DA:115,1
DA:117,13
DA:129,1
DA:131,1
DA:133,0
DA:145,1
DA:147,1
DA:149,0
DA:154,1
LF:31
LH:29
BRF:0
BRH:0
end_of_record
TN:
SF:src/components/pagination/pagination.tsx
FN:58,ChevronLeft
FN:76,ChevronRight
FN:94,Dots
FN:114,Pagination
FN:124,(anonymous_13)
FN:130,(anonymous_14)
FN:165,(anonymous_15)
FN:182,(anonymous_16)
FN:189,(anonymous_17)
FN:214,(anonymous_18)
FN:228,(anonymous_19)
FNF:11
FNH:10
FNDA:13,ChevronLeft
FNDA:13,ChevronRight
FNDA:4,Dots
FNDA:14,Pagination
FNDA:14,(anonymous_13)
FNDA:55,(anonymous_14)
FNDA:2,(anonymous_15)
FNDA:0,(anonymous_16)
FNDA:82,(anonymous_17)
FNDA:1,(anonymous_18)
FNDA:1,(anonymous_19)
DA:1,1
DA:3,1
DA:5,1
DA:6,1
DA:8,1
DA:21,1
DA:59,13
DA:77,13
DA:95,4
DA:114,1
DA:124,14
DA:125,14
DA:126,14
DA:127,14
DA:129,14
DA:130,55
DA:134,3
DA:136,3
DA:137,3
DA:139,3
DA:140,2
DA:143,3
DA:144,0
DA:147,3
DA:148,1
DA:151,3
DA:152,17
DA:155,3
DA:156,3
DA:160,3
DA:162,3
DA:165,14
DA:166,2
DA:167,2
DA:171,14
DA:182,0
DA:190,82
DA:191,4
DA:206,78
DA:214,1
DA:228,1
LF:41
LH:39
BRDA:119,0,0,12
BRDA:120,1,0,13
BRDA:129,2,0,11
BRDA:139,3,0,2
BRDA:143,4,0,0
BRDA:147,5,0,1
BRDA:155,6,0,3
BRDA:166,7,0,2
BRDA:166,8,0,2
BRDA:166,8,1,2
BRDA:166,8,2,2
BRDA:177,9,0,13
BRDA:177,9,1,1
BRDA:190,10,0,4
BRDA:209,11,0,14
BRDA:209,11,1,64
BRDA:212,12,0,78
BRDA:212,12,1,14
BRDA:216,13,0,14
BRDA:216,13,1,64
BRDA:223,14,0,13
BRDA:223,14,1,1
BRF:22
BRH:21
end_of_record
TN:
SF:src/components/section/section.tsx
FN:21,Section
FNF:1
FNH:1
FNDA:9,Section
DA:1,1
DA:3,1
DA:21,1
DA:27,9
DA:28,3
DA:29,3
DA:42,6
LF:7
LH:7
BRDA:22,0,0,6
BRDA:27,1,0,3
BRDA:27,2,0,9
BRDA:27,2,1,3
BRF:4
BRH:4
end_of_record
TN:
SF:src/components/separator/separator.tsx
FN:34,Separator
FNF:1
FNH:1
FNDA:11,Separator
DA:1,1
DA:3,1
DA:4,1
DA:6,1
DA:8,1
DA:21,1
DA:34,1
DA:41,11
LF:8
LH:8
BRDA:37,0,0,10
BRDA:38,1,0,10
BRF:2
BRH:2
end_of_record
TN:
SF:src/components/sheet/sheet.tsx
FN:153,(anonymous_9)
FN:159,(anonymous_10)
FN:167,(anonymous_11)
FN:176,(anonymous_12)
FN:222,(anonymous_13)
FN:239,(anonymous_14)
FN:257,(anonymous_15)
FN:273,(anonymous_16)
FNF:8
FNH:7
FNDA:22,(anonymous_9)
FNDA:22,(anonymous_10)
FNDA:0,(anonymous_11)
FNDA:22,(anonymous_12)
FNDA:4,(anonymous_13)
FNDA:3,(anonymous_14)
FNDA:20,(anonymous_15)
FNDA:3,(anonymous_16)
DA:1,1
DA:3,1
DA:4,1
DA:5,1
DA:7,1
DA:9,1
DA:24,1
DA:153,22
DA:154,1
DA:156,1
DA:160,22
DA:162,1
DA:164,1
DA:168,0
DA:170,1
DA:172,1
DA:194,22
DA:217,1
DA:219,1
DA:223,4
DA:234,1
DA:236,1
DA:240,3
DA:252,1
DA:254,1
DA:258,20
DA:268,1
DA:270,1
DA:274,3
DA:280,1
LF:30
LH:29
BRF:0
BRH:0
end_of_record
TN:
SF:src/components/table/table.tsx
FN:72,(anonymous_0)
FN:78,(anonymous_1)
FN:85,(anonymous_2)
FN:92,(anonymous_3)
FN:98,(anonymous_4)
FN:103,(anonymous_5)
FNF:6
FNH:6
FNDA:11,(anonymous_0)
FNDA:11,(anonymous_1)
FNDA:29,(anonymous_2)
FNDA:11,(anonymous_3)
FNDA:20,(anonymous_4)
FNDA:56,(anonymous_5)
DA:1,1
DA:3,1
DA:12,1
DA:14,1
DA:23,1
DA:25,1
DA:46,1
DA:48,1
DA:58,1
DA:72,1
DA:73,11
DA:75,1
DA:77,1
DA:79,11
DA:82,1
DA:84,1
DA:86,29
DA:89,1
DA:91,1
DA:93,11
DA:96,1
DA:98,1
DA:99,20
DA:101,1
DA:103,1
DA:104,56
DA:106,1
LF:27
LH:27
BRF:0
BRH:0
end_of_record
TN:
SF:src/components/user/user.tsx
FN:46,User
FN:55,(anonymous_10)
FN:58,(anonymous_11)
FNF:3
FNH:3
FNDA:10,User
FNDA:8,(anonymous_10)
FNDA:16,(anonymous_11)
DA:1,1
DA:3,1
DA:5,1
DA:7,1
DA:20,1
DA:46,1
DA:55,10
DA:56,8
DA:58,16
DA:64,10
LF:10
LH:10
BRDA:67,0,0,1
BRDA:67,0,1,9
BRDA:69,1,0,1
BRDA:69,1,1,0
BRDA:74,2,0,9
BRDA:74,2,1,8
BRDA:79,3,0,1
BRDA:79,3,1,9
BRF:8
BRH:7
end_of_record
TN:
SF:src/lib/cn.ts
FN:4,cn
FNF:1
FNH:1
FNDA:974,cn
DA:1,16
DA:2,16
DA:4,16
DA:5,974
LF:4
LH:4
BRF:0
BRH:0
end_of_record
TN:
SF:src/lib/groupTokensByType.ts
FN:19,groupTokensByType
FN:22,(anonymous_1)
FNF:2
FNH:2
FNDA:4,groupTokensByType
FNDA:6,(anonymous_1)
DA:19,1
DA:20,4
DA:22,4
DA:23,6
DA:26,4
LF:5
LH:5
BRDA:23,0,0,6
BRDA:23,0,1,5
BRF:2
BRH:2
end_of_record
TN:
SF:src/lib/test-utils.tsx
FN:21,(anonymous_4)
FN:14,(anonymous_5)
FNF:2
FNH:1
FNDA:0,(anonymous_4)
FNDA:37,(anonymous_5)
DA:1,4
DA:5,4
DA:6,4
DA:8,4
DA:14,4
DA:17,37
DA:20,4
DA:21,4
LF:8
LH:8
BRDA:16,0,0,37
BRF:1
BRH:1
end_of_record
